{"meta": {"format": 3, "version": "7.13.4", "timestamp": "2026-03-09T16:45:00.958539", "branch_coverage": false, "show_contexts": false}, "files": {"custom_components/tuya_ble_mesh/__init__.py": {"executed_lines": [7, 9, 10, 11, 12, 13, 15, 16, 18, 52, 55, 56, 57, 58, 59, 60, 63, 64, 71, 72, 73, 77, 80, 93, 95, 97, 98, 102, 103, 106, 107, 108, 109, 110, 112, 113, 115, 116, 118, 119, 120, 122, 128, 129, 131, 132, 134, 139, 140, 141, 143, 144, 145, 148, 149, 150, 156, 166, 168, 169, 170, 171, 172, 174, 176, 185, 187, 190, 201, 206, 212, 214, 215, 217, 220, 223, 225, 226, 229, 235, 237, 238, 240, 246, 247, 248, 249, 250, 251, 252, 254, 255, 256, 257, 258, 260, 266, 268, 269, 270, 271, 273, 279, 291, 303, 305, 306, 307, 308, 311, 312, 313, 314, 315, 316, 319, 321, 324, 336, 338, 339, 340, 341, 342, 344, 346, 347], "summary": {"covered_lines": 127, "num_statements": 127, "percent_covered": 100.0, "percent_covered_display": "100", "missing_lines": 0, "excluded_lines": 5, "percent_statements_covered": 100.0, "percent_statements_covered_display": "100"}, "missing_lines": [], "excluded_lines": [44, 45, 47, 48, 50], "functions": {"async_setup_entry": {"executed_lines": [93, 95, 97, 98, 102, 115, 116, 118, 119, 120, 122, 128, 129, 131, 132, 134, 139, 140, 141, 143, 144, 145, 148, 149, 150, 156, 166, 168, 169, 170, 171, 172, 174, 176, 185, 187, 190, 201, 206, 212, 214, 215, 217, 220, 223, 225, 226], "summary": {"covered_lines": 47, "num_statements": 47, "percent_covered": 100.0, "percent_covered_display": "100", "missing_lines": 0, "excluded_lines": 0, "percent_statements_covered": 100.0, "percent_statements_covered_display": "100"}, "missing_lines": [], "excluded_lines": [], "start_line": 80}, "async_setup_entry._ble_device_from_ha": {"executed_lines": [103, 106, 107, 108, 109, 110, 112, 113], "summary": {"covered_lines": 8, "num_statements": 8, "percent_covered": 100.0, "percent_covered_display": "100", "missing_lines": 0, "excluded_lines": 0, "percent_statements_covered": 100.0, "percent_statements_covered_display": "100"}, "missing_lines": [], "excluded_lines": [], "start_line": 102}, "_async_register_services": {"executed_lines": [235, 237, 238, 240, 260, 273, 279], "summary": {"covered_lines": 7, "num_statements": 7, "percent_covered": 100.0, "percent_covered_display": "100", "missing_lines": 0, "excluded_lines": 0, "percent_statements_covered": 100.0, "percent_statements_covered_display": "100"}, "missing_lines": [], "excluded_lines": [], "start_line": 229}, "_async_register_services.handle_identify": {"executed_lines": [246, 247, 248, 249, 250, 251, 252, 254, 255, 256, 257, 258], "summary": {"covered_lines": 12, "num_statements": 12, "percent_covered": 100.0, "percent_covered_display": "100", "missing_lines": 0, "excluded_lines": 0, "percent_statements_covered": 100.0, "percent_statements_covered_display": "100"}, "missing_lines": [], "excluded_lines": [], "start_line": 240}, "_async_register_services.handle_set_log_level": {"executed_lines": [266, 268, 269, 270, 271], "summary": {"covered_lines": 5, "num_statements": 5, "percent_covered": 100.0, "percent_covered_display": "100", "missing_lines": 0, "excluded_lines": 0, "percent_statements_covered": 100.0, "percent_statements_covered_display": "100"}, "missing_lines": [], "excluded_lines": [], "start_line": 260}, "_get_coordinator_for_device": {"executed_lines": [303, 305, 306, 307, 308, 311, 312, 313, 314, 315, 316], "summary": {"covered_lines": 11, "num_statements": 11, "percent_covered": 100.0, "percent_covered_display": "100", "missing_lines": 0, "excluded_lines": 0, "percent_statements_covered": 100.0, "percent_statements_covered_display": "100"}, "missing_lines": [], "excluded_lines": [], "start_line": 291}, "_async_update_listener": {"executed_lines": [321], "summary": {"covered_lines": 1, "num_statements": 1, "percent_covered": 100.0, "percent_covered_display": "100", "missing_lines": 0, "excluded_lines": 0, "percent_statements_covered": 100.0, "percent_statements_covered_display": "100"}, "missing_lines": [], "excluded_lines": [], "start_line": 319}, "async_unload_entry": {"executed_lines": [336, 338, 339, 340, 341, 342, 344, 346, 347], "summary": {"covered_lines": 9, "num_statements": 9, "percent_covered": 100.0, "percent_covered_display": "100", "missing_lines": 0, "excluded_lines": 0, "percent_statements_covered": 100.0, "percent_statements_covered_display": "100"}, "missing_lines": [], "excluded_lines": [], "start_line": 324}, "": {"executed_lines": [7, 9, 10, 11, 12, 13, 15, 16, 18, 52, 55, 56, 57, 58, 59, 60, 63, 64, 71, 72, 73, 77, 80, 229, 291, 319, 324], "summary": {"covered_lines": 27, "num_statements": 27, "percent_covered": 100.0, "percent_covered_display": "100", "missing_lines": 0, "excluded_lines": 5, "percent_statements_covered": 100.0, "percent_statements_covered_display": "100"}, "missing_lines": [], "excluded_lines": [44, 45, 47, 48, 50], "start_line": 1}}, "classes": {"TuyaBLEMeshRuntimeData": {"executed_lines": [], "summary": {"covered_lines": 0, "num_statements": 0, "percent_covered": 100.0, "percent_covered_display": "100", "missing_lines": 0, "excluded_lines": 0, "percent_statements_covered": 100.0, "percent_statements_covered_display": "100"}, "missing_lines": [], "excluded_lines": [], "start_line": 64}, "": {"executed_lines": [7, 9, 10, 11, 12, 13, 15, 16, 18, 52, 55, 56, 57, 58, 59, 60, 63, 64, 71, 72, 73, 77, 80, 93, 95, 97, 98, 102, 103, 106, 107, 108, 109, 110, 112, 113, 115, 116, 118, 119, 120, 122, 128, 129, 131, 132, 134, 139, 140, 141, 143, 144, 145, 148, 149, 150, 156, 166, 168, 169, 170, 171, 172, 174, 176, 185, 187, 190, 201, 206, 212, 214, 215, 217, 220, 223, 225, 226, 229, 235, 237, 238, 240, 246, 247, 248, 249, 250, 251, 252, 254, 255, 256, 257, 258, 260, 266, 268, 269, 270, 271, 273, 279, 291, 303, 305, 306, 307, 308, 311, 312, 313, 314, 315, 316, 319, 321, 324, 336, 338, 339, 340, 341, 342, 344, 346, 347], "summary": {"covered_lines": 127, "num_statements": 127, "percent_covered": 100.0, "percent_covered_display": "100", "missing_lines": 0, "excluded_lines": 5, "percent_statements_covered": 100.0, "percent_statements_covered_display": "100"}, "missing_lines": [], "excluded_lines": [44, 45, 47, 48, 50], "start_line": 1}}}, "custom_components/tuya_ble_mesh/config_flow.py": {"executed_lines": [9, 11, 12, 13, 14, 15, 16, 17, 18, 21, 22, 23, 24, 28, 29, 30, 36, 65, 67, 68, 69, 72, 82, 83, 86, 89, 92, 101, 103, 104, 105, 106, 107, 110, 119, 122, 130, 142, 143, 144, 145, 146, 147, 148, 151, 163, 164, 165, 167, 168, 169, 170, 172, 173, 174, 177, 186, 187, 188, 191, 205, 207, 208, 209, 210, 211, 212, 213, 214, 215, 216, 217, 220, 223, 229, 231, 240, 242, 243, 244, 246, 249, 253, 265, 266, 279, 301, 304, 307, 309, 310, 314, 316, 318, 319, 321, 322, 323, 325, 337, 338, 340, 343, 344, 346, 354, 355, 356, 357, 359, 361, 370, 371, 372, 373, 374, 379, 391, 408, 417, 419, 420, 421, 422, 423, 425, 426, 427, 431, 432, 433, 437, 438, 439, 443, 444, 445, 446, 447, 448, 460, 484, 499, 501, 502, 503, 504, 505, 506, 513, 515, 516, 517, 531, 540, 557, 558, 559, 560, 561, 562, 565, 566, 568, 578, 580, 583, 584, 587, 590, 591, 597, 598, 600, 602, 610, 618, 620, 627, 630, 633, 634, 635, 636, 641, 649, 650, 651, 652, 653, 654, 655, 658, 659, 664, 665, 671, 673, 675, 684, 685, 686, 687, 688, 689, 690, 691, 692, 694, 695, 696, 697, 708, 723, 734, 735, 736, 737, 738, 739, 740, 741, 742, 744, 745, 746, 747, 757, 771, 783, 785, 796, 798, 800, 801, 802, 803, 804, 806, 809, 810, 817, 824], "summary": {"covered_lines": 243, "num_statements": 243, "percent_covered": 100.0, "percent_covered_display": "100", "missing_lines": 0, "excluded_lines": 5, "percent_statements_covered": 100.0, "percent_statements_covered_display": "100"}, "missing_lines": [], "excluded_lines": [25, 26, 32, 33, 34], "functions": {"_parse_json_body": {"executed_lines": [101, 103, 104, 105, 106, 107], "summary": {"covered_lines": 6, "num_statements": 6, "percent_covered": 100.0, "percent_covered_display": "100", "missing_lines": 0, "excluded_lines": 0, "percent_statements_covered": 100.0, "percent_statements_covered_display": "100"}, "missing_lines": [], "excluded_lines": [], "start_line": 92}, "_validate_hex_key": {"executed_lines": [119], "summary": {"covered_lines": 1, "num_statements": 1, "percent_covered": 100.0, "percent_covered_display": "100", "missing_lines": 0, "excluded_lines": 0, "percent_statements_covered": 100.0, "percent_statements_covered_display": "100"}, "missing_lines": [], "excluded_lines": [], "start_line": 110}, "_is_ssrf_risk": {"executed_lines": [142, 143, 144, 145, 146, 147, 148], "summary": {"covered_lines": 7, "num_statements": 7, "percent_covered": 100.0, "percent_covered_display": "100", "missing_lines": 0, "excluded_lines": 0, "percent_statements_covered": 100.0, "percent_statements_covered_display": "100"}, "missing_lines": [], "excluded_lines": [], "start_line": 130}, "_validate_bridge_host": {"executed_lines": [163, 164, 165, 167, 168, 169, 170, 172, 173, 174], "summary": {"covered_lines": 10, "num_statements": 10, "percent_covered": 100.0, "percent_covered_display": "100", "missing_lines": 0, "excluded_lines": 0, "percent_statements_covered": 100.0, "percent_statements_covered_display": "100"}, "missing_lines": [], "excluded_lines": [], "start_line": 151}, "_validate_mac": {"executed_lines": [186, 187, 188], "summary": {"covered_lines": 3, "num_statements": 3, "percent_covered": 100.0, "percent_covered_display": "100", "missing_lines": 0, "excluded_lines": 0, "percent_statements_covered": 100.0, "percent_statements_covered_display": "100"}, "missing_lines": [], "excluded_lines": [], "start_line": 177}, "_test_bridge_with_session": {"executed_lines": [205, 207, 208, 209, 210, 211, 212, 213, 214, 215, 216, 217], "summary": {"covered_lines": 12, "num_statements": 12, "percent_covered": 100.0, "percent_covered_display": "100", "missing_lines": 0, "excluded_lines": 0, "percent_statements_covered": 100.0, "percent_statements_covered_display": "100"}, "missing_lines": [], "excluded_lines": [], "start_line": 191}, "TuyaBLEMeshOptionsFlow.__init__": {"executed_lines": [229], "summary": {"covered_lines": 1, "num_statements": 1, "percent_covered": 100.0, "percent_covered_display": "100", "missing_lines": 0, "excluded_lines": 0, "percent_statements_covered": 100.0, "percent_statements_covered_display": "100"}, "missing_lines": [], "excluded_lines": [], "start_line": 223}, "TuyaBLEMeshOptionsFlow.async_step_init": {"executed_lines": [240, 242, 243, 244, 246, 249, 253, 265, 266, 279, 301], "summary": {"covered_lines": 11, "num_statements": 11, "percent_covered": 100.0, "percent_covered_display": "100", "missing_lines": 0, "excluded_lines": 0, "percent_statements_covered": 100.0, "percent_statements_covered_display": "100"}, "missing_lines": [], "excluded_lines": [], "start_line": 231}, "TuyaBLEMeshConfigFlow.async_get_options_flow": {"executed_lines": [314], "summary": {"covered_lines": 1, "num_statements": 1, "percent_covered": 100.0, "percent_covered_display": "100", "missing_lines": 0, "excluded_lines": 0, "percent_statements_covered": 100.0, "percent_statements_covered_display": "100"}, "missing_lines": [], "excluded_lines": [], "start_line": 310}, "TuyaBLEMeshConfigFlow.__init__": {"executed_lines": [318, 319, 321, 322, 323], "summary": {"covered_lines": 5, "num_statements": 5, "percent_covered": 100.0, "percent_covered_display": "100", "missing_lines": 0, "excluded_lines": 0, "percent_statements_covered": 100.0, "percent_statements_covered_display": "100"}, "missing_lines": [], "excluded_lines": [], "start_line": 316}, "TuyaBLEMeshConfigFlow.async_step_bluetooth": {"executed_lines": [337, 338, 340, 343, 344, 346, 354, 355, 356, 357, 359], "summary": {"covered_lines": 11, "num_statements": 11, "percent_covered": 100.0, "percent_covered_display": "100", "missing_lines": 0, "excluded_lines": 0, "percent_statements_covered": 100.0, "percent_statements_covered_display": "100"}, "missing_lines": [], "excluded_lines": [], "start_line": 325}, "TuyaBLEMeshConfigFlow.async_step_confirm": {"executed_lines": [370, 371, 372, 373, 374, 379, 391], "summary": {"covered_lines": 7, "num_statements": 7, "percent_covered": 100.0, "percent_covered_display": "100", "missing_lines": 0, "excluded_lines": 0, "percent_statements_covered": 100.0, "percent_statements_covered_display": "100"}, "missing_lines": [], "excluded_lines": [], "start_line": 361}, "TuyaBLEMeshConfigFlow.async_step_user": {"executed_lines": [417, 419, 420, 421, 422, 423, 425, 426, 427, 431, 432, 433, 437, 438, 439, 443, 444, 445, 446, 447, 448, 460], "summary": {"covered_lines": 22, "num_statements": 22, "percent_covered": 100.0, "percent_covered_display": "100", "missing_lines": 0, "excluded_lines": 0, "percent_statements_covered": 100.0, "percent_statements_covered_display": "100"}, "missing_lines": [], "excluded_lines": [], "start_line": 408}, "TuyaBLEMeshConfigFlow.async_step_sig_plug": {"executed_lines": [499, 501, 502, 503, 504, 505, 506, 513, 515, 516, 517, 531], "summary": {"covered_lines": 12, "num_statements": 12, "percent_covered": 100.0, "percent_covered_display": "100", "missing_lines": 0, "excluded_lines": 0, "percent_statements_covered": 100.0, "percent_statements_covered_display": "100"}, "missing_lines": [], "excluded_lines": [], "start_line": 484}, "TuyaBLEMeshConfigFlow._run_provision": {"executed_lines": [557, 558, 559, 560, 561, 562, 565, 566, 568, 578, 600, 610, 618, 620, 627, 630, 633, 634, 635, 636, 641, 649, 650, 651, 652, 653, 654, 655, 658, 659, 664, 665, 671, 673], "summary": {"covered_lines": 34, "num_statements": 34, "percent_covered": 100.0, "percent_covered_display": "100", "missing_lines": 0, "excluded_lines": 0, "percent_statements_covered": 100.0, "percent_statements_covered_display": "100"}, "missing_lines": [], "excluded_lines": [], "start_line": 540}, "TuyaBLEMeshConfigFlow._run_provision._ble_device_cb": {"executed_lines": [580, 583, 584, 587, 590, 591, 597, 598], "summary": {"covered_lines": 8, "num_statements": 8, "percent_covered": 100.0, "percent_covered_display": "100", "missing_lines": 0, "excluded_lines": 0, "percent_statements_covered": 100.0, "percent_statements_covered_display": "100"}, "missing_lines": [], "excluded_lines": [], "start_line": 578}, "TuyaBLEMeshConfigFlow._run_provision._ble_connect_cb": {"executed_lines": [602], "summary": {"covered_lines": 1, "num_statements": 1, "percent_covered": 100.0, "percent_covered_display": "100", "missing_lines": 0, "excluded_lines": 0, "percent_statements_covered": 100.0, "percent_statements_covered_display": "100"}, "missing_lines": [], "excluded_lines": [], "start_line": 600}, "TuyaBLEMeshConfigFlow.async_step_sig_bridge": {"executed_lines": [684, 685, 686, 687, 688, 689, 690, 691, 692, 694, 695, 696, 697, 708], "summary": {"covered_lines": 14, "num_statements": 14, "percent_covered": 100.0, "percent_covered_display": "100", "missing_lines": 0, "excluded_lines": 0, "percent_statements_covered": 100.0, "percent_statements_covered_display": "100"}, "missing_lines": [], "excluded_lines": [], "start_line": 675}, "TuyaBLEMeshConfigFlow.async_step_telink_bridge": {"executed_lines": [734, 735, 736, 737, 738, 739, 740, 741, 742, 744, 745, 746, 747, 757], "summary": {"covered_lines": 14, "num_statements": 14, "percent_covered": 100.0, "percent_covered_display": "100", "missing_lines": 0, "excluded_lines": 0, "percent_statements_covered": 100.0, "percent_statements_covered_display": "100"}, "missing_lines": [], "excluded_lines": [], "start_line": 723}, "TuyaBLEMeshConfigFlow.async_step_reauth": {"executed_lines": [783], "summary": {"covered_lines": 1, "num_statements": 1, "percent_covered": 100.0, "percent_covered_display": "100", "missing_lines": 0, "excluded_lines": 0, "percent_statements_covered": 100.0, "percent_statements_covered_display": "100"}, "missing_lines": [], "excluded_lines": [], "start_line": 771}, "TuyaBLEMeshConfigFlow.async_step_reauth_confirm": {"executed_lines": [796, 798, 800, 801, 802, 803, 804, 806, 809, 810, 817, 824], "summary": {"covered_lines": 12, "num_statements": 12, "percent_covered": 100.0, "percent_covered_display": "100", "missing_lines": 0, "excluded_lines": 0, "percent_statements_covered": 100.0, "percent_statements_covered_display": "100"}, "missing_lines": [], "excluded_lines": [], "start_line": 785}, "": {"executed_lines": [9, 11, 12, 13, 14, 15, 16, 17, 18, 21, 22, 23, 24, 28, 29, 30, 36, 65, 67, 68, 69, 72, 82, 83, 86, 89, 92, 110, 122, 130, 151, 177, 191, 220, 223, 231, 304, 307, 309, 310, 316, 325, 361, 408, 484, 540, 675, 723, 771, 785], "summary": {"covered_lines": 50, "num_statements": 50, "percent_covered": 100.0, "percent_covered_display": "100", "missing_lines": 0, "excluded_lines": 5, "percent_statements_covered": 100.0, "percent_statements_covered_display": "100"}, "missing_lines": [], "excluded_lines": [25, 26, 32, 33, 34], "start_line": 1}}, "classes": {"TuyaBLEMeshOptionsFlow": {"executed_lines": [229, 240, 242, 243, 244, 246, 249, 253, 265, 266, 279, 301], "summary": {"covered_lines": 12, "num_statements": 12, "percent_covered": 100.0, "percent_covered_display": "100", "missing_lines": 0, "excluded_lines": 0, "percent_statements_covered": 100.0, "percent_statements_covered_display": "100"}, "missing_lines": [], "excluded_lines": [], "start_line": 220}, "TuyaBLEMeshConfigFlow": {"executed_lines": [314, 318, 319, 321, 322, 323, 337, 338, 340, 343, 344, 346, 354, 355, 356, 357, 359, 370, 371, 372, 373, 374, 379, 391, 417, 419, 420, 421, 422, 423, 425, 426, 427, 431, 432, 433, 437, 438, 439, 443, 444, 445, 446, 447, 448, 460, 499, 501, 502, 503, 504, 505, 506, 513, 515, 516, 517, 531, 557, 558, 559, 560, 561, 562, 565, 566, 568, 578, 580, 583, 584, 587, 590, 591, 597, 598, 600, 602, 610, 618, 620, 627, 630, 633, 634, 635, 636, 641, 649, 650, 651, 652, 653, 654, 655, 658, 659, 664, 665, 671, 673, 684, 685, 686, 687, 688, 689, 690, 691, 692, 694, 695, 696, 697, 708, 734, 735, 736, 737, 738, 739, 740, 741, 742, 744, 745, 746, 747, 757, 783, 796, 798, 800, 801, 802, 803, 804, 806, 809, 810, 817, 824], "summary": {"covered_lines": 142, "num_statements": 142, "percent_covered": 100.0, "percent_covered_display": "100", "missing_lines": 0, "excluded_lines": 0, "percent_statements_covered": 100.0, "percent_statements_covered_display": "100"}, "missing_lines": [], "excluded_lines": [], "start_line": 304}, "": {"executed_lines": [9, 11, 12, 13, 14, 15, 16, 17, 18, 21, 22, 23, 24, 28, 29, 30, 36, 65, 67, 68, 69, 72, 82, 83, 86, 89, 92, 101, 103, 104, 105, 106, 107, 110, 119, 122, 130, 142, 143, 144, 145, 146, 147, 148, 151, 163, 164, 165, 167, 168, 169, 170, 172, 173, 174, 177, 186, 187, 188, 191, 205, 207, 208, 209, 210, 211, 212, 213, 214, 215, 216, 217, 220, 223, 231, 304, 307, 309, 310, 316, 325, 361, 408, 484, 540, 675, 723, 771, 785], "summary": {"covered_lines": 89, "num_statements": 89, "percent_covered": 100.0, "percent_covered_display": "100", "missing_lines": 0, "excluded_lines": 5, "percent_statements_covered": 100.0, "percent_statements_covered_display": "100"}, "missing_lines": [], "excluded_lines": [25, 26, 32, 33, 34], "start_line": 1}}}, "custom_components/tuya_ble_mesh/const.py": {"executed_lines": [3, 5, 7, 9, 12, 13, 14, 15, 16, 17, 18, 19, 20, 21, 22, 25, 26, 27, 28, 29, 30, 32, 33, 34, 37, 38, 39, 41, 42, 44, 45, 48, 49, 52, 53, 54, 55, 58, 59, 60, 61, 64, 65], "summary": {"covered_lines": 43, "num_statements": 43, "percent_covered": 100.0, "percent_covered_display": "100", "missing_lines": 0, "excluded_lines": 0, "percent_statements_covered": 100.0, "percent_statements_covered_display": "100"}, "missing_lines": [], "excluded_lines": [], "functions": {"": {"executed_lines": [3, 5, 7, 9, 12, 13, 14, 15, 16, 17, 18, 19, 20, 21, 22, 25, 26, 27, 28, 29, 30, 32, 33, 34, 37, 38, 39, 41, 42, 44, 45, 48, 49, 52, 53, 54, 55, 58, 59, 60, 61, 64, 65], "summary": {"covered_lines": 43, "num_statements": 43, "percent_covered": 100.0, "percent_covered_display": "100", "missing_lines": 0, "excluded_lines": 0, "percent_statements_covered": 100.0, "percent_statements_covered_display": "100"}, "missing_lines": [], "excluded_lines": [], "start_line": 1}}, "classes": {"": {"executed_lines": [3, 5, 7, 9, 12, 13, 14, 15, 16, 17, 18, 19, 20, 21, 22, 25, 26, 27, 28, 29, 30, 32, 33, 34, 37, 38, 39, 41, 42, 44, 45, 48, 49, 52, 53, 54, 55, 58, 59, 60, 61, 64, 65], "summary": {"covered_lines": 43, "num_statements": 43, "percent_covered": 100.0, "percent_covered_display": "100", "missing_lines": 0, "excluded_lines": 0, "percent_statements_covered": 100.0, "percent_statements_covered_display": "100"}, "missing_lines": [], "excluded_lines": [], "start_line": 1}}}, "custom_components/tuya_ble_mesh/coordinator.py": {"executed_lines": [8, 10, 11, 12, 13, 14, 15, 16, 27, 28, 29, 30, 32, 35, 36, 37, 40, 41, 42, 45, 46, 49, 50, 51, 52, 53, 54, 55, 56, 57, 58, 59, 60, 61, 64, 65, 68, 69, 70, 71, 72, 73, 74, 75, 78, 86, 93, 94, 95, 96, 97, 98, 99, 102, 103, 104, 105, 106, 109, 110, 111, 114, 116, 117, 119, 121, 122, 124, 126, 127, 129, 131, 140, 142, 143, 144, 146, 148, 150, 151, 152, 153, 154, 156, 162, 163, 164, 165, 168, 169, 170, 171, 174, 175, 176, 177, 179, 180, 182, 189, 199, 200, 201, 202, 203, 204, 205, 206, 207, 208, 211, 212, 213, 214, 216, 229, 231, 240, 247, 248, 250, 251, 252, 253, 254, 255, 256, 257, 258, 259, 260, 261, 262, 264, 265, 266, 268, 276, 277, 278, 280, 286, 287, 288, 289, 290, 292, 298, 299, 300, 301, 303, 305, 311, 312, 313, 314, 315, 322, 327, 328, 330, 331, 332, 334, 336, 339, 342, 343, 344, 345, 346, 347, 348, 349, 350, 352, 353, 354, 355, 356, 357, 358, 359, 360, 361, 362, 363, 364, 365, 366, 367, 368, 373, 374, 376, 378, 380, 383, 385, 387, 388, 389, 391, 392, 393, 394, 395, 396, 397, 398, 399, 401, 402, 403, 404, 406, 407, 409, 411, 412, 414, 415, 417, 419, 421, 422, 427, 429, 430, 432, 433, 434, 435, 436, 437, 438, 439, 440, 441, 442, 443, 444, 445, 446, 447, 448, 449, 450, 451, 456, 457, 458, 462, 469, 471, 475, 479, 481, 485, 491, 495, 497, 498, 500, 502, 503, 504, 505, 507, 509, 510, 511, 513, 515, 517, 518, 519, 520, 521, 523, 524, 525, 528, 529, 530, 533, 534, 535, 536, 538, 540, 541, 542, 543], "summary": {"covered_lines": 295, "num_statements": 295, "percent_covered": 100.0, "percent_covered_display": "100", "missing_lines": 0, "excluded_lines": 7, "percent_statements_covered": 100.0, "percent_statements_covered_display": "100"}, "missing_lines": [], "excluded_lines": [18, 19, 20, 21, 22, 23, 24], "functions": {"TuyaBLEMeshCoordinator.__init__": {"executed_lines": [93, 94, 95, 96, 97, 98, 99, 102, 103, 104, 105, 106, 109, 110, 111, 114], "summary": {"covered_lines": 16, "num_statements": 16, "percent_covered": 100.0, "percent_covered_display": "100", "missing_lines": 0, "excluded_lines": 0, "percent_statements_covered": 100.0, "percent_statements_covered_display": "100"}, "missing_lines": [], "excluded_lines": [], "start_line": 86}, "TuyaBLEMeshCoordinator.device": {"executed_lines": [119], "summary": {"covered_lines": 1, "num_statements": 1, "percent_covered": 100.0, "percent_covered_display": "100", "missing_lines": 0, "excluded_lines": 0, "percent_statements_covered": 100.0, "percent_statements_covered_display": "100"}, "missing_lines": [], "excluded_lines": [], "start_line": 117}, "TuyaBLEMeshCoordinator.state": {"executed_lines": [124], "summary": {"covered_lines": 1, "num_statements": 1, "percent_covered": 100.0, "percent_covered_display": "100", "missing_lines": 0, "excluded_lines": 0, "percent_statements_covered": 100.0, "percent_statements_covered_display": "100"}, "missing_lines": [], "excluded_lines": [], "start_line": 122}, "TuyaBLEMeshCoordinator.statistics": {"executed_lines": [129], "summary": {"covered_lines": 1, "num_statements": 1, "percent_covered": 100.0, "percent_covered_display": "100", "missing_lines": 0, "excluded_lines": 0, "percent_statements_covered": 100.0, "percent_statements_covered_display": "100"}, "missing_lines": [], "excluded_lines": [], "start_line": 127}, "TuyaBLEMeshCoordinator.add_listener": {"executed_lines": [140, 142, 146], "summary": {"covered_lines": 3, "num_statements": 3, "percent_covered": 100.0, "percent_covered_display": "100", "missing_lines": 0, "excluded_lines": 0, "percent_statements_covered": 100.0, "percent_statements_covered_display": "100"}, "missing_lines": [], "excluded_lines": [], "start_line": 131}, "TuyaBLEMeshCoordinator.add_listener.remove": {"executed_lines": [143, 144], "summary": {"covered_lines": 2, "num_statements": 2, "percent_covered": 100.0, "percent_covered_display": "100", "missing_lines": 0, "excluded_lines": 0, "percent_statements_covered": 100.0, "percent_statements_covered_display": "100"}, "missing_lines": [], "excluded_lines": [], "start_line": 142}, "TuyaBLEMeshCoordinator._notify_listeners": {"executed_lines": [150, 151, 152, 153, 154], "summary": {"covered_lines": 5, "num_statements": 5, "percent_covered": 100.0, "percent_covered_display": "100", "missing_lines": 0, "excluded_lines": 0, "percent_statements_covered": 100.0, "percent_statements_covered_display": "100"}, "missing_lines": [], "excluded_lines": [], "start_line": 148}, "TuyaBLEMeshCoordinator._on_onoff_update": {"executed_lines": [162, 163, 164, 165, 168, 169, 170, 171, 174, 175, 176, 177, 179, 180], "summary": {"covered_lines": 14, "num_statements": 14, "percent_covered": 100.0, "percent_covered_display": "100", "missing_lines": 0, "excluded_lines": 0, "percent_statements_covered": 100.0, "percent_statements_covered_display": "100"}, "missing_lines": [], "excluded_lines": [], "start_line": 156}, "TuyaBLEMeshCoordinator._on_status_update": {"executed_lines": [189, 199, 200, 201, 202, 203, 204, 205, 206, 207, 208, 211, 212, 213, 214, 216, 229], "summary": {"covered_lines": 17, "num_statements": 17, "percent_covered": 100.0, "percent_covered_display": "100", "missing_lines": 0, "excluded_lines": 0, "percent_statements_covered": 100.0, "percent_statements_covered_display": "100"}, "missing_lines": [], "excluded_lines": [], "start_line": 182}, "TuyaBLEMeshCoordinator._on_vendor_update": {"executed_lines": [240, 247, 248, 250, 251, 252, 253, 254, 255, 256, 257, 258, 259, 260, 261, 262, 264, 265, 266], "summary": {"covered_lines": 19, "num_statements": 19, "percent_covered": 100.0, "percent_covered_display": "100", "missing_lines": 0, "excluded_lines": 0, "percent_statements_covered": 100.0, "percent_statements_covered_display": "100"}, "missing_lines": [], "excluded_lines": [], "start_line": 231}, "TuyaBLEMeshCoordinator._on_composition_update": {"executed_lines": [276, 277, 278], "summary": {"covered_lines": 3, "num_statements": 3, "percent_covered": 100.0, "percent_covered_display": "100", "missing_lines": 0, "excluded_lines": 0, "percent_statements_covered": 100.0, "percent_statements_covered_display": "100"}, "missing_lines": [], "excluded_lines": [], "start_line": 268}, "TuyaBLEMeshCoordinator._on_disconnect": {"executed_lines": [286, 287, 288, 289, 290], "summary": {"covered_lines": 5, "num_statements": 5, "percent_covered": 100.0, "percent_covered_display": "100", "missing_lines": 0, "excluded_lines": 0, "percent_statements_covered": 100.0, "percent_statements_covered_display": "100"}, "missing_lines": [], "excluded_lines": [], "start_line": 280}, "TuyaBLEMeshCoordinator._load_seq": {"executed_lines": [298, 299, 300, 301, 303, 305, 311, 312, 313, 314, 315], "summary": {"covered_lines": 11, "num_statements": 11, "percent_covered": 100.0, "percent_covered_display": "100", "missing_lines": 0, "excluded_lines": 0, "percent_statements_covered": 100.0, "percent_statements_covered_display": "100"}, "missing_lines": [], "excluded_lines": [], "start_line": 292}, "TuyaBLEMeshCoordinator._save_seq": {"executed_lines": [327, 328, 330, 331, 332], "summary": {"covered_lines": 5, "num_statements": 5, "percent_covered": 100.0, "percent_covered_display": "100", "missing_lines": 0, "excluded_lines": 0, "percent_statements_covered": 100.0, "percent_statements_covered_display": "100"}, "missing_lines": [], "excluded_lines": [], "start_line": 322}, "TuyaBLEMeshCoordinator.async_start": {"executed_lines": [336, 339, 342, 343, 344, 345, 346, 347, 348, 349, 350, 352, 353, 354, 355, 356, 357, 358, 359, 360, 361, 362, 363, 364, 365, 366, 367, 368, 373, 374, 376], "summary": {"covered_lines": 31, "num_statements": 31, "percent_covered": 100.0, "percent_covered_display": "100", "missing_lines": 0, "excluded_lines": 0, "percent_statements_covered": 100.0, "percent_statements_covered_display": "100"}, "missing_lines": [], "excluded_lines": [], "start_line": 334}, "TuyaBLEMeshCoordinator.async_stop": {"executed_lines": [380, 383, 385, 387, 388, 389, 391, 392, 393, 394, 395, 396, 397, 398, 399, 401, 402, 403, 404, 406, 407], "summary": {"covered_lines": 21, "num_statements": 21, "percent_covered": 100.0, "percent_covered_display": "100", "missing_lines": 0, "excluded_lines": 0, "percent_statements_covered": 100.0, "percent_statements_covered_display": "100"}, "missing_lines": [], "excluded_lines": [], "start_line": 378}, "TuyaBLEMeshCoordinator._schedule_reconnect": {"executed_lines": [411, 412, 414, 415, 417], "summary": {"covered_lines": 5, "num_statements": 5, "percent_covered": 100.0, "percent_covered_display": "100", "missing_lines": 0, "excluded_lines": 0, "percent_statements_covered": 100.0, "percent_statements_covered_display": "100"}, "missing_lines": [], "excluded_lines": [], "start_line": 409}, "TuyaBLEMeshCoordinator._reconnect_loop": {"executed_lines": [421, 422, 427, 429, 430, 432, 433, 434, 435, 436, 437, 438, 439, 440, 441, 442, 443, 444, 445, 446, 447, 448, 449, 450, 451, 456, 457, 458], "summary": {"covered_lines": 28, "num_statements": 28, "percent_covered": 100.0, "percent_covered_display": "100", "missing_lines": 0, "excluded_lines": 0, "percent_statements_covered": 100.0, "percent_statements_covered_display": "100"}, "missing_lines": [], "excluded_lines": [], "start_line": 419}, "TuyaBLEMeshCoordinator._adjust_polling_interval": {"executed_lines": [469, 471, 475, 479, 481, 485, 491], "summary": {"covered_lines": 7, "num_statements": 7, "percent_covered": 100.0, "percent_covered_display": "100", "missing_lines": 0, "excluded_lines": 0, "percent_statements_covered": 100.0, "percent_statements_covered_display": "100"}, "missing_lines": [], "excluded_lines": [], "start_line": 462}, "TuyaBLEMeshCoordinator._is_bridge_device": {"executed_lines": [497, 498], "summary": {"covered_lines": 2, "num_statements": 2, "percent_covered": 100.0, "percent_covered_display": "100", "missing_lines": 0, "excluded_lines": 0, "percent_statements_covered": 100.0, "percent_statements_covered_display": "100"}, "missing_lines": [], "excluded_lines": [], "start_line": 495}, "TuyaBLEMeshCoordinator._start_rssi_polling": {"executed_lines": [502, 503, 504, 505], "summary": {"covered_lines": 4, "num_statements": 4, "percent_covered": 100.0, "percent_covered_display": "100", "missing_lines": 0, "excluded_lines": 0, "percent_statements_covered": 100.0, "percent_statements_covered_display": "100"}, "missing_lines": [], "excluded_lines": [], "start_line": 500}, "TuyaBLEMeshCoordinator._stop_rssi_polling": {"executed_lines": [509, 510, 511], "summary": {"covered_lines": 3, "num_statements": 3, "percent_covered": 100.0, "percent_covered_display": "100", "missing_lines": 0, "excluded_lines": 0, "percent_statements_covered": 100.0, "percent_statements_covered_display": "100"}, "missing_lines": [], "excluded_lines": [], "start_line": 507}, "TuyaBLEMeshCoordinator._rssi_loop": {"executed_lines": [515, 517, 518, 519, 520, 521, 523, 524, 525, 528, 529, 530, 533, 534, 535, 536, 538, 540, 541, 542, 543], "summary": {"covered_lines": 21, "num_statements": 21, "percent_covered": 100.0, "percent_covered_display": "100", "missing_lines": 0, "excluded_lines": 0, "percent_statements_covered": 100.0, "percent_statements_covered_display": "100"}, "missing_lines": [], "excluded_lines": [], "start_line": 513}, "": {"executed_lines": [8, 10, 11, 12, 13, 14, 15, 16, 27, 28, 29, 30, 32, 35, 36, 37, 40, 41, 42, 45, 46, 49, 50, 51, 52, 53, 54, 55, 56, 57, 58, 59, 60, 61, 64, 65, 68, 69, 70, 71, 72, 73, 74, 75, 78, 86, 116, 117, 121, 122, 126, 127, 131, 148, 156, 182, 231, 268, 280, 292, 322, 334, 378, 409, 419, 462, 495, 500, 507, 513], "summary": {"covered_lines": 70, "num_statements": 70, "percent_covered": 100.0, "percent_covered_display": "100", "missing_lines": 0, "excluded_lines": 7, "percent_statements_covered": 100.0, "percent_statements_covered_display": "100"}, "missing_lines": [], "excluded_lines": [18, 19, 20, 21, 22, 23, 24], "start_line": 1}}, "classes": {"TuyaBLEMeshDeviceState": {"executed_lines": [], "summary": {"covered_lines": 0, "num_statements": 0, "percent_covered": 100.0, "percent_covered_display": "100", "missing_lines": 0, "excluded_lines": 0, "percent_statements_covered": 100.0, "percent_statements_covered_display": "100"}, "missing_lines": [], "excluded_lines": [], "start_line": 46}, "ConnectionStatistics": {"executed_lines": [], "summary": {"covered_lines": 0, "num_statements": 0, "percent_covered": 100.0, "percent_covered_display": "100", "missing_lines": 0, "excluded_lines": 0, "percent_statements_covered": 100.0, "percent_statements_covered_display": "100"}, "missing_lines": [], "excluded_lines": [], "start_line": 65}, "TuyaBLEMeshCoordinator": {"executed_lines": [93, 94, 95, 96, 97, 98, 99, 102, 103, 104, 105, 106, 109, 110, 111, 114, 119, 124, 129, 140, 142, 143, 144, 146, 150, 151, 152, 153, 154, 162, 163, 164, 165, 168, 169, 170, 171, 174, 175, 176, 177, 179, 180, 189, 199, 200, 201, 202, 203, 204, 205, 206, 207, 208, 211, 212, 213, 214, 216, 229, 240, 247, 248, 250, 251, 252, 253, 254, 255, 256, 257, 258, 259, 260, 261, 262, 264, 265, 266, 276, 277, 278, 286, 287, 288, 289, 290, 298, 299, 300, 301, 303, 305, 311, 312, 313, 314, 315, 327, 328, 330, 331, 332, 336, 339, 342, 343, 344, 345, 346, 347, 348, 349, 350, 352, 353, 354, 355, 356, 357, 358, 359, 360, 361, 362, 363, 364, 365, 366, 367, 368, 373, 374, 376, 380, 383, 385, 387, 388, 389, 391, 392, 393, 394, 395, 396, 397, 398, 399, 401, 402, 403, 404, 406, 407, 411, 412, 414, 415, 417, 421, 422, 427, 429, 430, 432, 433, 434, 435, 436, 437, 438, 439, 440, 441, 442, 443, 444, 445, 446, 447, 448, 449, 450, 451, 456, 457, 458, 469, 471, 475, 479, 481, 485, 491, 497, 498, 502, 503, 504, 505, 509, 510, 511, 515, 517, 518, 519, 520, 521, 523, 524, 525, 528, 529, 530, 533, 534, 535, 536, 538, 540, 541, 542, 543], "summary": {"covered_lines": 225, "num_statements": 225, "percent_covered": 100.0, "percent_covered_display": "100", "missing_lines": 0, "excluded_lines": 0, "percent_statements_covered": 100.0, "percent_statements_covered_display": "100"}, "missing_lines": [], "excluded_lines": [], "start_line": 78}, "": {"executed_lines": [8, 10, 11, 12, 13, 14, 15, 16, 27, 28, 29, 30, 32, 35, 36, 37, 40, 41, 42, 45, 46, 49, 50, 51, 52, 53, 54, 55, 56, 57, 58, 59, 60, 61, 64, 65, 68, 69, 70, 71, 72, 73, 74, 75, 78, 86, 116, 117, 121, 122, 126, 127, 131, 148, 156, 182, 231, 268, 280, 292, 322, 334, 378, 409, 419, 462, 495, 500, 507, 513], "summary": {"covered_lines": 70, "num_statements": 70, "percent_covered": 100.0, "percent_covered_display": "100", "missing_lines": 0, "excluded_lines": 7, "percent_statements_covered": 100.0, "percent_statements_covered_display": "100"}, "missing_lines": [], "excluded_lines": [18, 19, 20, 21, 22, 23, 24], "start_line": 1}}}, "custom_components/tuya_ble_mesh/diagnostics.py": {"executed_lines": [9, 11, 12, 14, 15, 17, 18, 27, 29, 41, 42, 45, 48, 49, 50, 51, 52, 55, 57, 58, 59, 60, 61, 62, 63, 64, 66, 67, 70, 72, 73, 75, 76, 78, 79, 80, 81, 82, 84, 91, 96, 102, 103, 104, 105, 106, 109, 110, 111, 113, 128, 129, 130, 131, 139, 148, 161, 162, 169, 170, 177, 179, 185, 190], "summary": {"covered_lines": 64, "num_statements": 64, "percent_covered": 100.0, "percent_covered_display": "100", "missing_lines": 0, "excluded_lines": 0, "percent_statements_covered": 100.0, "percent_statements_covered_display": "100"}, "missing_lines": [], "excluded_lines": [], "functions": {"_redact_string": {"executed_lines": [48, 49, 50, 51, 52], "summary": {"covered_lines": 5, "num_statements": 5, "percent_covered": 100.0, "percent_covered_display": "100", "missing_lines": 0, "excluded_lines": 0, "percent_statements_covered": 100.0, "percent_statements_covered_display": "100"}, "missing_lines": [], "excluded_lines": [], "start_line": 45}, "_redact_data": {"executed_lines": [57, 58, 59, 60, 61, 62, 63, 64, 66, 67], "summary": {"covered_lines": 10, "num_statements": 10, "percent_covered": 100.0, "percent_covered_display": "100", "missing_lines": 0, "excluded_lines": 0, "percent_statements_covered": 100.0, "percent_statements_covered_display": "100"}, "missing_lines": [], "excluded_lines": [], "start_line": 55}, "_calculate_percentiles": {"executed_lines": [72, 73, 75, 76, 78, 84], "summary": {"covered_lines": 6, "num_statements": 6, "percent_covered": 100.0, "percent_covered_display": "100", "missing_lines": 0, "excluded_lines": 0, "percent_statements_covered": 100.0, "percent_statements_covered_display": "100"}, "missing_lines": [], "excluded_lines": [], "start_line": 70}, "_calculate_percentiles.percentile": {"executed_lines": [79, 80, 81, 82], "summary": {"covered_lines": 4, "num_statements": 4, "percent_covered": 100.0, "percent_covered_display": "100", "missing_lines": 0, "excluded_lines": 0, "percent_statements_covered": 100.0, "percent_statements_covered_display": "100"}, "missing_lines": [], "excluded_lines": [], "start_line": 78}, "async_get_config_entry_diagnostics": {"executed_lines": [96, 102, 103, 104, 105, 106, 109, 110, 111, 113, 128, 129, 130, 131, 139, 148, 161, 162, 169, 170, 177, 179, 185, 190], "summary": {"covered_lines": 24, "num_statements": 24, "percent_covered": 100.0, "percent_covered_display": "100", "missing_lines": 0, "excluded_lines": 0, "percent_statements_covered": 100.0, "percent_statements_covered_display": "100"}, "missing_lines": [], "excluded_lines": [], "start_line": 91}, "": {"executed_lines": [9, 11, 12, 14, 15, 17, 18, 27, 29, 41, 42, 45, 55, 70, 91], "summary": {"covered_lines": 15, "num_statements": 15, "percent_covered": 100.0, "percent_covered_display": "100", "missing_lines": 0, "excluded_lines": 0, "percent_statements_covered": 100.0, "percent_statements_covered_display": "100"}, "missing_lines": [], "excluded_lines": [], "start_line": 1}}, "classes": {"": {"executed_lines": [9, 11, 12, 14, 15, 17, 18, 27, 29, 41, 42, 45, 48, 49, 50, 51, 52, 55, 57, 58, 59, 60, 61, 62, 63, 64, 66, 67, 70, 72, 73, 75, 76, 78, 79, 80, 81, 82, 84, 91, 96, 102, 103, 104, 105, 106, 109, 110, 111, 113, 128, 129, 130, 131, 139, 148, 161, 162, 169, 170, 177, 179, 185, 190], "summary": {"covered_lines": 64, "num_statements": 64, "percent_covered": 100.0, "percent_covered_display": "100", "missing_lines": 0, "excluded_lines": 0, "percent_statements_covered": 100.0, "percent_statements_covered_display": "100"}, "missing_lines": [], "excluded_lines": [], "start_line": 1}}}, "custom_components/tuya_ble_mesh/light.py": {"executed_lines": [10, 12, 13, 14, 16, 24, 26, 49, 52, 55, 64, 65, 73, 82, 83, 91, 102, 103, 111, 122, 123, 131, 143, 144, 145, 146, 147, 148, 151, 154, 155, 156, 157, 159, 172, 173, 174, 175, 176, 177, 178, 180, 181, 183, 185, 186, 188, 190, 191, 193, 195, 196, 198, 199, 200, 201, 202, 204, 205, 207, 208, 209, 210, 212, 213, 215, 216, 218, 219, 220, 221, 222, 223, 225, 226, 228, 229, 230, 232, 233, 235, 237, 243, 244, 245, 247, 248, 249, 250, 252, 253, 254, 255, 256, 257, 260, 262, 263, 264, 265, 266, 267, 268, 269, 271, 272, 273, 274, 275, 276, 278, 279, 280, 281, 283, 284, 285, 287, 288, 290, 296, 297, 299, 300, 308, 310, 312, 314, 315, 316, 318, 336, 337, 339, 340, 341, 342, 344, 345, 346, 347, 348, 350, 351, 353, 354, 355, 356, 358, 359, 360, 361, 363, 364, 365, 366, 367, 373, 374, 376, 377, 379, 381, 383, 385, 386, 387, 388, 390, 392], "summary": {"covered_lines": 170, "num_statements": 170, "percent_covered": 100.0, "percent_covered_display": "100", "missing_lines": 0, "excluded_lines": 6, "percent_statements_covered": 100.0, "percent_statements_covered_display": "100"}, "missing_lines": [], "excluded_lines": [39, 40, 42, 44, 45, 47], "functions": {"brightness_to_ha": {"executed_lines": [64, 65], "summary": {"covered_lines": 2, "num_statements": 2, "percent_covered": 100.0, "percent_covered_display": "100", "missing_lines": 0, "excluded_lines": 0, "percent_statements_covered": 100.0, "percent_statements_covered_display": "100"}, "missing_lines": [], "excluded_lines": [], "start_line": 55}, "brightness_to_device": {"executed_lines": [82, 83], "summary": {"covered_lines": 2, "num_statements": 2, "percent_covered": 100.0, "percent_covered_display": "100", "missing_lines": 0, "excluded_lines": 0, "percent_statements_covered": 100.0, "percent_statements_covered_display": "100"}, "missing_lines": [], "excluded_lines": [], "start_line": 73}, "color_temp_to_ha": {"executed_lines": [102, 103], "summary": {"covered_lines": 2, "num_statements": 2, "percent_covered": 100.0, "percent_covered_display": "100", "missing_lines": 0, "excluded_lines": 0, "percent_statements_covered": 100.0, "percent_statements_covered_display": "100"}, "missing_lines": [], "excluded_lines": [], "start_line": 91}, "color_temp_to_device": {"executed_lines": [122, 123], "summary": {"covered_lines": 2, "num_statements": 2, "percent_covered": 100.0, "percent_covered_display": "100", "missing_lines": 0, "excluded_lines": 0, "percent_statements_covered": 100.0, "percent_statements_covered_display": "100"}, "missing_lines": [], "excluded_lines": [], "start_line": 111}, "async_setup_entry": {"executed_lines": [143, 144, 145, 146, 147, 148], "summary": {"covered_lines": 6, "num_statements": 6, "percent_covered": 100.0, "percent_covered_display": "100", "missing_lines": 0, "excluded_lines": 0, "percent_statements_covered": 100.0, "percent_statements_covered_display": "100"}, "missing_lines": [], "excluded_lines": [], "start_line": 131}, "TuyaBLEMeshLight.__init__": {"executed_lines": [172, 173, 174, 175, 176, 177, 178], "summary": {"covered_lines": 7, "num_statements": 7, "percent_covered": 100.0, "percent_covered_display": "100", "missing_lines": 0, "excluded_lines": 0, "percent_statements_covered": 100.0, "percent_statements_covered_display": "100"}, "missing_lines": [], "excluded_lines": [], "start_line": 159}, "TuyaBLEMeshLight.unique_id": {"executed_lines": [183], "summary": {"covered_lines": 1, "num_statements": 1, "percent_covered": 100.0, "percent_covered_display": "100", "missing_lines": 0, "excluded_lines": 0, "percent_statements_covered": 100.0, "percent_statements_covered_display": "100"}, "missing_lines": [], "excluded_lines": [], "start_line": 181}, "TuyaBLEMeshLight.available": {"executed_lines": [188], "summary": {"covered_lines": 1, "num_statements": 1, "percent_covered": 100.0, "percent_covered_display": "100", "missing_lines": 0, "excluded_lines": 0, "percent_statements_covered": 100.0, "percent_statements_covered_display": "100"}, "missing_lines": [], "excluded_lines": [], "start_line": 186}, "TuyaBLEMeshLight.is_on": {"executed_lines": [193], "summary": {"covered_lines": 1, "num_statements": 1, "percent_covered": 100.0, "percent_covered_display": "100", "missing_lines": 0, "excluded_lines": 0, "percent_statements_covered": 100.0, "percent_statements_covered_display": "100"}, "missing_lines": [], "excluded_lines": [], "start_line": 191}, "TuyaBLEMeshLight.brightness": {"executed_lines": [198, 199, 200, 201, 202], "summary": {"covered_lines": 5, "num_statements": 5, "percent_covered": 100.0, "percent_covered_display": "100", "missing_lines": 0, "excluded_lines": 0, "percent_statements_covered": 100.0, "percent_statements_covered_display": "100"}, "missing_lines": [], "excluded_lines": [], "start_line": 196}, "TuyaBLEMeshLight.color_temp_kelvin": {"executed_lines": [207, 208, 209, 210], "summary": {"covered_lines": 4, "num_statements": 4, "percent_covered": 100.0, "percent_covered_display": "100", "missing_lines": 0, "excluded_lines": 0, "percent_statements_covered": 100.0, "percent_statements_covered_display": "100"}, "missing_lines": [], "excluded_lines": [], "start_line": 205}, "TuyaBLEMeshLight.rgb_color": {"executed_lines": [218, 219, 220, 221, 222, 223], "summary": {"covered_lines": 6, "num_statements": 6, "percent_covered": 100.0, "percent_covered_display": "100", "missing_lines": 0, "excluded_lines": 0, "percent_statements_covered": 100.0, "percent_statements_covered_display": "100"}, "missing_lines": [], "excluded_lines": [], "start_line": 216}, "TuyaBLEMeshLight.color_mode": {"executed_lines": [228, 229, 230], "summary": {"covered_lines": 3, "num_statements": 3, "percent_covered": 100.0, "percent_covered_display": "100", "missing_lines": 0, "excluded_lines": 0, "percent_statements_covered": 100.0, "percent_statements_covered_display": "100"}, "missing_lines": [], "excluded_lines": [], "start_line": 226}, "TuyaBLEMeshLight.supported_color_modes": {"executed_lines": [235], "summary": {"covered_lines": 1, "num_statements": 1, "percent_covered": 100.0, "percent_covered_display": "100", "missing_lines": 0, "excluded_lines": 0, "percent_statements_covered": 100.0, "percent_statements_covered_display": "100"}, "missing_lines": [], "excluded_lines": [], "start_line": 233}, "TuyaBLEMeshLight.async_turn_on": {"executed_lines": [243, 244, 245, 247, 248, 249, 250, 252, 253, 254, 255, 256, 257, 260, 262, 263, 264, 265, 266, 267, 268, 269, 271, 272, 273, 274, 275, 276, 278, 279, 280, 281, 283, 284, 285, 287, 288], "summary": {"covered_lines": 37, "num_statements": 37, "percent_covered": 100.0, "percent_covered_display": "100", "missing_lines": 0, "excluded_lines": 0, "percent_statements_covered": 100.0, "percent_statements_covered_display": "100"}, "missing_lines": [], "excluded_lines": [], "start_line": 237}, "TuyaBLEMeshLight.async_turn_off": {"executed_lines": [296, 297, 299, 300, 308, 310], "summary": {"covered_lines": 6, "num_statements": 6, "percent_covered": 100.0, "percent_covered_display": "100", "missing_lines": 0, "excluded_lines": 0, "percent_statements_covered": 100.0, "percent_statements_covered_display": "100"}, "missing_lines": [], "excluded_lines": [], "start_line": 290}, "TuyaBLEMeshLight._cancel_transition": {"executed_lines": [314, 315, 316], "summary": {"covered_lines": 3, "num_statements": 3, "percent_covered": 100.0, "percent_covered_display": "100", "missing_lines": 0, "excluded_lines": 0, "percent_statements_covered": 100.0, "percent_statements_covered_display": "100"}, "missing_lines": [], "excluded_lines": [], "start_line": 312}, "TuyaBLEMeshLight._run_transition": {"executed_lines": [336, 337, 339, 340, 341, 342, 344, 345, 346, 347, 348, 350, 351, 353, 354, 355, 356, 358, 359, 360, 361, 363, 364, 365, 366, 367, 373, 374, 376, 377], "summary": {"covered_lines": 30, "num_statements": 30, "percent_covered": 100.0, "percent_covered_display": "100", "missing_lines": 0, "excluded_lines": 0, "percent_statements_covered": 100.0, "percent_statements_covered_display": "100"}, "missing_lines": [], "excluded_lines": [], "start_line": 318}, "TuyaBLEMeshLight.async_added_to_hass": {"executed_lines": [381], "summary": {"covered_lines": 1, "num_statements": 1, "percent_covered": 100.0, "percent_covered_display": "100", "missing_lines": 0, "excluded_lines": 0, "percent_statements_covered": 100.0, "percent_statements_covered_display": "100"}, "missing_lines": [], "excluded_lines": [], "start_line": 379}, "TuyaBLEMeshLight.async_will_remove_from_hass": {"executed_lines": [385, 386, 387, 388], "summary": {"covered_lines": 4, "num_statements": 4, "percent_covered": 100.0, "percent_covered_display": "100", "missing_lines": 0, "excluded_lines": 0, "percent_statements_covered": 100.0, "percent_statements_covered_display": "100"}, "missing_lines": [], "excluded_lines": [], "start_line": 383}, "TuyaBLEMeshLight._handle_coordinator_update": {"executed_lines": [392], "summary": {"covered_lines": 1, "num_statements": 1, "percent_covered": 100.0, "percent_covered_display": "100", "missing_lines": 0, "excluded_lines": 0, "percent_statements_covered": 100.0, "percent_statements_covered_display": "100"}, "missing_lines": [], "excluded_lines": [], "start_line": 390}, "": {"executed_lines": [10, 12, 13, 14, 16, 24, 26, 49, 52, 55, 73, 91, 111, 131, 151, 154, 155, 156, 157, 159, 180, 181, 185, 186, 190, 191, 195, 196, 204, 205, 212, 213, 215, 216, 225, 226, 232, 233, 237, 290, 312, 318, 379, 383, 390], "summary": {"covered_lines": 45, "num_statements": 45, "percent_covered": 100.0, "percent_covered_display": "100", "missing_lines": 0, "excluded_lines": 6, "percent_statements_covered": 100.0, "percent_statements_covered_display": "100"}, "missing_lines": [], "excluded_lines": [39, 40, 42, 44, 45, 47], "start_line": 1}}, "classes": {"TuyaBLEMeshLight": {"executed_lines": [172, 173, 174, 175, 176, 177, 178, 183, 188, 193, 198, 199, 200, 201, 202, 207, 208, 209, 210, 218, 219, 220, 221, 222, 223, 228, 229, 230, 235, 243, 244, 245, 247, 248, 249, 250, 252, 253, 254, 255, 256, 257, 260, 262, 263, 264, 265, 266, 267, 268, 269, 271, 272, 273, 274, 275, 276, 278, 279, 280, 281, 283, 284, 285, 287, 288, 296, 297, 299, 300, 308, 310, 314, 315, 316, 336, 337, 339, 340, 341, 342, 344, 345, 346, 347, 348, 350, 351, 353, 354, 355, 356, 358, 359, 360, 361, 363, 364, 365, 366, 367, 373, 374, 376, 377, 381, 385, 386, 387, 388, 392], "summary": {"covered_lines": 111, "num_statements": 111, "percent_covered": 100.0, "percent_covered_display": "100", "missing_lines": 0, "excluded_lines": 0, "percent_statements_covered": 100.0, "percent_statements_covered_display": "100"}, "missing_lines": [], "excluded_lines": [], "start_line": 151}, "": {"executed_lines": [10, 12, 13, 14, 16, 24, 26, 49, 52, 55, 64, 65, 73, 82, 83, 91, 102, 103, 111, 122, 123, 131, 143, 144, 145, 146, 147, 148, 151, 154, 155, 156, 157, 159, 180, 181, 185, 186, 190, 191, 195, 196, 204, 205, 212, 213, 215, 216, 225, 226, 232, 233, 237, 290, 312, 318, 379, 383, 390], "summary": {"covered_lines": 59, "num_statements": 59, "percent_covered": 100.0, "percent_covered_display": "100", "missing_lines": 0, "excluded_lines": 6, "percent_statements_covered": 100.0, "percent_statements_covered_display": "100"}, "missing_lines": [], "excluded_lines": [39, 40, 42, 44, 45, 47], "start_line": 1}}}, "custom_components/tuya_ble_mesh/repairs.py": {"executed_lines": [8, 10, 11, 13, 14, 19, 22, 23, 24, 26, 29, 39, 41, 50, 53, 65, 67, 76, 79, 86, 88, 89, 92, 98, 107, 109, 118, 119, 121, 124, 139], "summary": {"covered_lines": 31, "num_statements": 31, "percent_covered": 100.0, "percent_covered_display": "100", "missing_lines": 0, "excluded_lines": 2, "percent_statements_covered": 100.0, "percent_statements_covered_display": "100"}, "missing_lines": [], "excluded_lines": [16, 17], "functions": {"async_create_issue_provisioning_failed": {"executed_lines": [39, 41, 50], "summary": {"covered_lines": 3, "num_statements": 3, "percent_covered": 100.0, "percent_covered_display": "100", "missing_lines": 0, "excluded_lines": 0, "percent_statements_covered": 100.0, "percent_statements_covered_display": "100"}, "missing_lines": [], "excluded_lines": [], "start_line": 29}, "async_create_issue_bridge_unreachable": {"executed_lines": [65, 67, 76], "summary": {"covered_lines": 3, "num_statements": 3, "percent_covered": 100.0, "percent_covered_display": "100", "missing_lines": 0, "excluded_lines": 0, "percent_statements_covered": 100.0, "percent_statements_covered_display": "100"}, "missing_lines": [], "excluded_lines": [], "start_line": 53}, "async_delete_issue": {"executed_lines": [86, 88, 89], "summary": {"covered_lines": 3, "num_statements": 3, "percent_covered": 100.0, "percent_covered_display": "100", "missing_lines": 0, "excluded_lines": 0, "percent_statements_covered": 100.0, "percent_statements_covered_display": "100"}, "missing_lines": [], "excluded_lines": [], "start_line": 79}, "TuyaBLEMeshRepairFlow.async_step_init": {"executed_lines": [107], "summary": {"covered_lines": 1, "num_statements": 1, "percent_covered": 100.0, "percent_covered_display": "100", "missing_lines": 0, "excluded_lines": 0, "percent_statements_covered": 100.0, "percent_statements_covered_display": "100"}, "missing_lines": [], "excluded_lines": [], "start_line": 98}, "TuyaBLEMeshRepairFlow.async_step_confirm": {"executed_lines": [118, 119, 121], "summary": {"covered_lines": 3, "num_statements": 3, "percent_covered": 100.0, "percent_covered_display": "100", "missing_lines": 0, "excluded_lines": 0, "percent_statements_covered": 100.0, "percent_statements_covered_display": "100"}, "missing_lines": [], "excluded_lines": [], "start_line": 109}, "async_create_fix_flow": {"executed_lines": [139], "summary": {"covered_lines": 1, "num_statements": 1, "percent_covered": 100.0, "percent_covered_display": "100", "missing_lines": 0, "excluded_lines": 0, "percent_statements_covered": 100.0, "percent_statements_covered_display": "100"}, "missing_lines": [], "excluded_lines": [], "start_line": 124}, "": {"executed_lines": [8, 10, 11, 13, 14, 19, 22, 23, 24, 26, 29, 53, 79, 92, 98, 109, 124], "summary": {"covered_lines": 17, "num_statements": 17, "percent_covered": 100.0, "percent_covered_display": "100", "missing_lines": 0, "excluded_lines": 2, "percent_statements_covered": 100.0, "percent_statements_covered_display": "100"}, "missing_lines": [], "excluded_lines": [16, 17], "start_line": 1}}, "classes": {"TuyaBLEMeshRepairFlow": {"executed_lines": [107, 118, 119, 121], "summary": {"covered_lines": 4, "num_statements": 4, "percent_covered": 100.0, "percent_covered_display": "100", "missing_lines": 0, "excluded_lines": 0, "percent_statements_covered": 100.0, "percent_statements_covered_display": "100"}, "missing_lines": [], "excluded_lines": [], "start_line": 92}, "": {"executed_lines": [8, 10, 11, 13, 14, 19, 22, 23, 24, 26, 29, 39, 41, 50, 53, 65, 67, 76, 79, 86, 88, 89, 92, 98, 109, 124, 139], "summary": {"covered_lines": 27, "num_statements": 27, "percent_covered": 100.0, "percent_covered_display": "100", "missing_lines": 0, "excluded_lines": 2, "percent_statements_covered": 100.0, "percent_statements_covered_display": "100"}, "missing_lines": [], "excluded_lines": [16, 17], "start_line": 1}}}, "custom_components/tuya_ble_mesh/sensor.py": {"executed_lines": [7, 9, 10, 11, 13, 19, 24, 25, 26, 41, 44, 47, 48, 63, 64, 67, 106, 122, 123, 124, 127, 128, 130, 133, 135, 144, 147, 156, 157, 159, 161, 176, 177, 178, 179, 180, 181, 182, 184, 185, 187, 189, 190, 197, 201, 203, 205, 206, 213, 215, 217, 219, 221, 222, 223, 225, 231], "summary": {"covered_lines": 57, "num_statements": 57, "percent_covered": 100.0, "percent_covered_display": "100", "missing_lines": 0, "excluded_lines": 6, "percent_statements_covered": 100.0, "percent_statements_covered_display": "100"}, "missing_lines": [], "excluded_lines": [28, 29, 31, 33, 34, 39], "functions": {"async_setup_entry": {"executed_lines": [122, 123, 124, 127, 128, 130, 133, 135, 144], "summary": {"covered_lines": 9, "num_statements": 9, "percent_covered": 100.0, "percent_covered_display": "100", "missing_lines": 0, "excluded_lines": 0, "percent_statements_covered": 100.0, "percent_statements_covered_display": "100"}, "missing_lines": [], "excluded_lines": [], "start_line": 106}, "TuyaBLEMeshSensor.__init__": {"executed_lines": [176, 177, 178, 179, 180, 181, 182], "summary": {"covered_lines": 7, "num_statements": 7, "percent_covered": 100.0, "percent_covered_display": "100", "missing_lines": 0, "excluded_lines": 0, "percent_statements_covered": 100.0, "percent_statements_covered_display": "100"}, "missing_lines": [], "excluded_lines": [], "start_line": 161}, "TuyaBLEMeshSensor.unique_id": {"executed_lines": [187], "summary": {"covered_lines": 1, "num_statements": 1, "percent_covered": 100.0, "percent_covered_display": "100", "missing_lines": 0, "excluded_lines": 0, "percent_statements_covered": 100.0, "percent_statements_covered_display": "100"}, "missing_lines": [], "excluded_lines": [], "start_line": 185}, "TuyaBLEMeshSensor.available": {"executed_lines": [197, 201, 203], "summary": {"covered_lines": 3, "num_statements": 3, "percent_covered": 100.0, "percent_covered_display": "100", "missing_lines": 0, "excluded_lines": 0, "percent_statements_covered": 100.0, "percent_statements_covered_display": "100"}, "missing_lines": [], "excluded_lines": [], "start_line": 190}, "TuyaBLEMeshSensor.native_value": {"executed_lines": [213], "summary": {"covered_lines": 1, "num_statements": 1, "percent_covered": 100.0, "percent_covered_display": "100", "missing_lines": 0, "excluded_lines": 0, "percent_statements_covered": 100.0, "percent_statements_covered_display": "100"}, "missing_lines": [], "excluded_lines": [], "start_line": 206}, "TuyaBLEMeshSensor.async_added_to_hass": {"executed_lines": [217], "summary": {"covered_lines": 1, "num_statements": 1, "percent_covered": 100.0, "percent_covered_display": "100", "missing_lines": 0, "excluded_lines": 0, "percent_statements_covered": 100.0, "percent_statements_covered_display": "100"}, "missing_lines": [], "excluded_lines": [], "start_line": 215}, "TuyaBLEMeshSensor.async_will_remove_from_hass": {"executed_lines": [221, 222, 223], "summary": {"covered_lines": 3, "num_statements": 3, "percent_covered": 100.0, "percent_covered_display": "100", "missing_lines": 0, "excluded_lines": 0, "percent_statements_covered": 100.0, "percent_statements_covered_display": "100"}, "missing_lines": [], "excluded_lines": [], "start_line": 219}, "TuyaBLEMeshSensor._handle_coordinator_update": {"executed_lines": [231], "summary": {"covered_lines": 1, "num_statements": 1, "percent_covered": 100.0, "percent_covered_display": "100", "missing_lines": 0, "excluded_lines": 0, "percent_statements_covered": 100.0, "percent_statements_covered_display": "100"}, "missing_lines": [], "excluded_lines": [], "start_line": 225}, "": {"executed_lines": [7, 9, 10, 11, 13, 19, 24, 25, 26, 41, 44, 47, 48, 63, 64, 67, 106, 147, 156, 157, 159, 161, 184, 185, 189, 190, 205, 206, 215, 219, 225], "summary": {"covered_lines": 31, "num_statements": 31, "percent_covered": 100.0, "percent_covered_display": "100", "missing_lines": 0, "excluded_lines": 6, "percent_statements_covered": 100.0, "percent_statements_covered_display": "100"}, "missing_lines": [], "excluded_lines": [28, 29, 31, 33, 34, 39], "start_line": 1}}, "classes": {"TuyaBLEMeshSensorEntityDescription": {"executed_lines": [], "summary": {"covered_lines": 0, "num_statements": 0, "percent_covered": 100.0, "percent_covered_display": "100", "missing_lines": 0, "excluded_lines": 0, "percent_statements_covered": 100.0, "percent_statements_covered_display": "100"}, "missing_lines": [], "excluded_lines": [], "start_line": 48}, "TuyaBLEMeshSensor": {"executed_lines": [176, 177, 178, 179, 180, 181, 182, 187, 197, 201, 203, 213, 217, 221, 222, 223, 231], "summary": {"covered_lines": 17, "num_statements": 17, "percent_covered": 100.0, "percent_covered_display": "100", "missing_lines": 0, "excluded_lines": 0, "percent_statements_covered": 100.0, "percent_statements_covered_display": "100"}, "missing_lines": [], "excluded_lines": [], "start_line": 147}, "": {"executed_lines": [7, 9, 10, 11, 13, 19, 24, 25, 26, 41, 44, 47, 48, 63, 64, 67, 106, 122, 123, 124, 127, 128, 130, 133, 135, 144, 147, 156, 157, 159, 161, 184, 185, 189, 190, 205, 206, 215, 219, 225], "summary": {"covered_lines": 40, "num_statements": 40, "percent_covered": 100.0, "percent_covered_display": "100", "missing_lines": 0, "excluded_lines": 6, "percent_statements_covered": 100.0, "percent_statements_covered_display": "100"}, "missing_lines": [], "excluded_lines": [28, 29, 31, 33, 34, 39], "start_line": 1}}}, "custom_components/tuya_ble_mesh/switch.py": {"executed_lines": [3, 5, 6, 8, 9, 11, 26, 29, 32, 44, 45, 46, 47, 48, 49, 52, 55, 56, 57, 58, 60, 66, 67, 68, 69, 70, 71, 73, 74, 76, 78, 79, 81, 83, 84, 86, 88, 94, 96, 102, 104, 106, 108, 110, 111, 112, 114, 116], "summary": {"covered_lines": 48, "num_statements": 48, "percent_covered": 100.0, "percent_covered_display": "100", "missing_lines": 0, "excluded_lines": 6, "percent_statements_covered": 100.0, "percent_statements_covered_display": "100"}, "missing_lines": [], "excluded_lines": [16, 17, 19, 21, 22, 24], "functions": {"async_setup_entry": {"executed_lines": [44, 45, 46, 47, 48, 49], "summary": {"covered_lines": 6, "num_statements": 6, "percent_covered": 100.0, "percent_covered_display": "100", "missing_lines": 0, "excluded_lines": 0, "percent_statements_covered": 100.0, "percent_statements_covered_display": "100"}, "missing_lines": [], "excluded_lines": [], "start_line": 32}, "TuyaBLEMeshSwitch.__init__": {"executed_lines": [66, 67, 68, 69, 70, 71], "summary": {"covered_lines": 6, "num_statements": 6, "percent_covered": 100.0, "percent_covered_display": "100", "missing_lines": 0, "excluded_lines": 0, "percent_statements_covered": 100.0, "percent_statements_covered_display": "100"}, "missing_lines": [], "excluded_lines": [], "start_line": 60}, "TuyaBLEMeshSwitch.unique_id": {"executed_lines": [76], "summary": {"covered_lines": 1, "num_statements": 1, "percent_covered": 100.0, "percent_covered_display": "100", "missing_lines": 0, "excluded_lines": 0, "percent_statements_covered": 100.0, "percent_statements_covered_display": "100"}, "missing_lines": [], "excluded_lines": [], "start_line": 74}, "TuyaBLEMeshSwitch.available": {"executed_lines": [81], "summary": {"covered_lines": 1, "num_statements": 1, "percent_covered": 100.0, "percent_covered_display": "100", "missing_lines": 0, "excluded_lines": 0, "percent_statements_covered": 100.0, "percent_statements_covered_display": "100"}, "missing_lines": [], "excluded_lines": [], "start_line": 79}, "TuyaBLEMeshSwitch.is_on": {"executed_lines": [86], "summary": {"covered_lines": 1, "num_statements": 1, "percent_covered": 100.0, "percent_covered_display": "100", "missing_lines": 0, "excluded_lines": 0, "percent_statements_covered": 100.0, "percent_statements_covered_display": "100"}, "missing_lines": [], "excluded_lines": [], "start_line": 84}, "TuyaBLEMeshSwitch.async_turn_on": {"executed_lines": [94], "summary": {"covered_lines": 1, "num_statements": 1, "percent_covered": 100.0, "percent_covered_display": "100", "missing_lines": 0, "excluded_lines": 0, "percent_statements_covered": 100.0, "percent_statements_covered_display": "100"}, "missing_lines": [], "excluded_lines": [], "start_line": 88}, "TuyaBLEMeshSwitch.async_turn_off": {"executed_lines": [102], "summary": {"covered_lines": 1, "num_statements": 1, "percent_covered": 100.0, "percent_covered_display": "100", "missing_lines": 0, "excluded_lines": 0, "percent_statements_covered": 100.0, "percent_statements_covered_display": "100"}, "missing_lines": [], "excluded_lines": [], "start_line": 96}, "TuyaBLEMeshSwitch.async_added_to_hass": {"executed_lines": [106], "summary": {"covered_lines": 1, "num_statements": 1, "percent_covered": 100.0, "percent_covered_display": "100", "missing_lines": 0, "excluded_lines": 0, "percent_statements_covered": 100.0, "percent_statements_covered_display": "100"}, "missing_lines": [], "excluded_lines": [], "start_line": 104}, "TuyaBLEMeshSwitch.async_will_remove_from_hass": {"executed_lines": [110, 111, 112], "summary": {"covered_lines": 3, "num_statements": 3, "percent_covered": 100.0, "percent_covered_display": "100", "missing_lines": 0, "excluded_lines": 0, "percent_statements_covered": 100.0, "percent_statements_covered_display": "100"}, "missing_lines": [], "excluded_lines": [], "start_line": 108}, "TuyaBLEMeshSwitch._handle_coordinator_update": {"executed_lines": [116], "summary": {"covered_lines": 1, "num_statements": 1, "percent_covered": 100.0, "percent_covered_display": "100", "missing_lines": 0, "excluded_lines": 0, "percent_statements_covered": 100.0, "percent_statements_covered_display": "100"}, "missing_lines": [], "excluded_lines": [], "start_line": 114}, "": {"executed_lines": [3, 5, 6, 8, 9, 11, 26, 29, 32, 52, 55, 56, 57, 58, 60, 73, 74, 78, 79, 83, 84, 88, 96, 104, 108, 114], "summary": {"covered_lines": 26, "num_statements": 26, "percent_covered": 100.0, "percent_covered_display": "100", "missing_lines": 0, "excluded_lines": 6, "percent_statements_covered": 100.0, "percent_statements_covered_display": "100"}, "missing_lines": [], "excluded_lines": [16, 17, 19, 21, 22, 24], "start_line": 1}}, "classes": {"TuyaBLEMeshSwitch": {"executed_lines": [66, 67, 68, 69, 70, 71, 76, 81, 86, 94, 102, 106, 110, 111, 112, 116], "summary": {"covered_lines": 16, "num_statements": 16, "percent_covered": 100.0, "percent_covered_display": "100", "missing_lines": 0, "excluded_lines": 0, "percent_statements_covered": 100.0, "percent_statements_covered_display": "100"}, "missing_lines": [], "excluded_lines": [], "start_line": 52}, "": {"executed_lines": [3, 5, 6, 8, 9, 11, 26, 29, 32, 44, 45, 46, 47, 48, 49, 52, 55, 56, 57, 58, 60, 73, 74, 78, 79, 83, 84, 88, 96, 104, 108, 114], "summary": {"covered_lines": 32, "num_statements": 32, "percent_covered": 100.0, "percent_covered_display": "100", "missing_lines": 0, "excluded_lines": 6, "percent_statements_covered": 100.0, "percent_statements_covered_display": "100"}, "missing_lines": [], "excluded_lines": [16, 17, 19, 21, 22, 24], "start_line": 1}}}, "lib/tuya_ble_mesh/__init__.py": {"executed_lines": [26, 27, 28, 29, 47, 48, 49, 50, 56, 57, 86], "summary": {"covered_lines": 11, "num_statements": 11, "percent_covered": 100.0, "percent_covered_display": "100", "missing_lines": 0, "excluded_lines": 0, "percent_statements_covered": 100.0, "percent_statements_covered_display": "100"}, "missing_lines": [], "excluded_lines": [], "functions": {"": {"executed_lines": [26, 27, 28, 29, 47, 48, 49, 50, 56, 57, 86], "summary": {"covered_lines": 11, "num_statements": 11, "percent_covered": 100.0, "percent_covered_display": "100", "missing_lines": 0, "excluded_lines": 0, "percent_statements_covered": 100.0, "percent_statements_covered_display": "100"}, "missing_lines": [], "excluded_lines": [], "start_line": 1}}, "classes": {"": {"executed_lines": [26, 27, 28, 29, 47, 48, 49, 50, 56, 57, 86], "summary": {"covered_lines": 11, "num_statements": 11, "percent_covered": 100.0, "percent_covered_display": "100", "missing_lines": 0, "excluded_lines": 0, "percent_statements_covered": 100.0, "percent_statements_covered_display": "100"}, "missing_lines": [], "excluded_lines": [], "start_line": 1}}}, "lib/tuya_ble_mesh/connection.py": {"executed_lines": [10, 12, 13, 14, 15, 16, 17, 19, 20, 22, 28, 29, 30, 31, 33, 36, 39, 42, 43, 44, 45, 48, 51, 54, 57, 72, 73, 74, 75, 76, 79, 86, 95, 96, 97, 98, 99, 100, 101, 102, 103, 104, 105, 106, 107, 108, 109, 111, 112, 114, 116, 117, 119, 121, 122, 124, 125, 126, 128, 129, 131, 133, 134, 138, 144, 145, 146, 147, 149, 151, 153, 155, 157, 161, 175, 176, 177, 179, 180, 182, 183, 184, 185, 186, 188, 193, 195, 196, 201, 202, 203, 204, 205, 207, 209, 210, 211, 213, 219, 221, 222, 223, 226, 230, 231, 235, 237, 243, 248, 249, 250, 251, 252, 253, 254, 255, 256, 263, 265, 266, 268, 270, 272, 273, 274, 276, 277, 279, 293, 295, 296, 298, 299, 300, 301, 303, 305, 308, 309, 310, 311, 313, 314, 315, 318, 320, 322, 332, 333, 334, 336, 337, 338, 339, 340, 341, 342, 345, 347, 349, 352, 353, 355, 356, 357, 358, 359, 363, 365, 366, 368, 370, 371, 372, 374, 376, 377, 379, 381, 382, 383, 387, 388, 390, 392, 399, 400, 401, 410, 411, 412, 413, 414, 418, 419, 428, 429, 430], "summary": {"covered_lines": 198, "num_statements": 218, "percent_covered": 90.8256880733945, "percent_covered_display": "91", "missing_lines": 20, "excluded_lines": 0, "percent_statements_covered": 90.8256880733945, "percent_statements_covered_display": "91"}, "missing_lines": [136, 159, 189, 190, 191, 224, 271, 275, 281, 282, 289, 290, 291, 316, 317, 350, 384, 385, 386, 397], "excluded_lines": [], "functions": {"BLEConnection.__init__": {"executed_lines": [95, 96, 97, 98, 99, 100, 101, 102, 103, 104, 105, 106, 107, 108, 109], "summary": {"covered_lines": 15, "num_statements": 15, "percent_covered": 100.0, "percent_covered_display": "100", "missing_lines": 0, "excluded_lines": 0, "percent_statements_covered": 100.0, "percent_statements_covered_display": "100"}, "missing_lines": [], "excluded_lines": [], "start_line": 86}, "BLEConnection.state": {"executed_lines": [114], "summary": {"covered_lines": 1, "num_statements": 1, "percent_covered": 100.0, "percent_covered_display": "100", "missing_lines": 0, "excluded_lines": 0, "percent_statements_covered": 100.0, "percent_statements_covered_display": "100"}, "missing_lines": [], "excluded_lines": [], "start_line": 112}, "BLEConnection.address": {"executed_lines": [119], "summary": {"covered_lines": 1, "num_statements": 1, "percent_covered": 100.0, "percent_covered_display": "100", "missing_lines": 0, "excluded_lines": 0, "percent_statements_covered": 100.0, "percent_statements_covered_display": "100"}, "missing_lines": [], "excluded_lines": [], "start_line": 117}, "BLEConnection.session_key": {"executed_lines": [124, 125, 126], "summary": {"covered_lines": 3, "num_statements": 3, "percent_covered": 100.0, "percent_covered_display": "100", "missing_lines": 0, "excluded_lines": 0, "percent_statements_covered": 100.0, "percent_statements_covered_display": "100"}, "missing_lines": [], "excluded_lines": [], "start_line": 122}, "BLEConnection.is_ready": {"executed_lines": [131], "summary": {"covered_lines": 1, "num_statements": 1, "percent_covered": 100.0, "percent_covered_display": "100", "missing_lines": 0, "excluded_lines": 0, "percent_statements_covered": 100.0, "percent_statements_covered_display": "100"}, "missing_lines": [], "excluded_lines": [], "start_line": 129}, "BLEConnection.firmware_version": {"executed_lines": [], "summary": {"covered_lines": 0, "num_statements": 1, "percent_covered": 0.0, "percent_covered_display": "0", "missing_lines": 1, "excluded_lines": 0, "percent_statements_covered": 0.0, "percent_statements_covered_display": "0"}, "missing_lines": [136], "excluded_lines": [], "start_line": 134}, "BLEConnection.next_sequence": {"executed_lines": [144, 145, 146, 147], "summary": {"covered_lines": 4, "num_statements": 4, "percent_covered": 100.0, "percent_covered_display": "100", "missing_lines": 0, "excluded_lines": 0, "percent_statements_covered": 100.0, "percent_statements_covered_display": "100"}, "missing_lines": [], "excluded_lines": [], "start_line": 138}, "BLEConnection.register_disconnect_callback": {"executed_lines": [151], "summary": {"covered_lines": 1, "num_statements": 1, "percent_covered": 100.0, "percent_covered_display": "100", "missing_lines": 0, "excluded_lines": 0, "percent_statements_covered": 100.0, "percent_statements_covered_display": "100"}, "missing_lines": [], "excluded_lines": [], "start_line": 149}, "BLEConnection.unregister_disconnect_callback": {"executed_lines": [155], "summary": {"covered_lines": 1, "num_statements": 1, "percent_covered": 100.0, "percent_covered_display": "100", "missing_lines": 0, "excluded_lines": 0, "percent_statements_covered": 100.0, "percent_statements_covered_display": "100"}, "missing_lines": [], "excluded_lines": [], "start_line": 153}, "BLEConnection.set_notification_handler": {"executed_lines": [], "summary": {"covered_lines": 0, "num_statements": 1, "percent_covered": 0.0, "percent_covered_display": "0", "missing_lines": 1, "excluded_lines": 0, "percent_statements_covered": 0.0, "percent_statements_covered_display": "0"}, "missing_lines": [159], "excluded_lines": [], "start_line": 157}, "BLEConnection.connect": {"executed_lines": [175, 176, 177, 179, 180, 182, 183, 184, 185, 186, 188, 193, 195, 196, 201, 202, 203, 204, 205, 207, 209, 210, 211], "summary": {"covered_lines": 23, "num_statements": 26, "percent_covered": 88.46153846153847, "percent_covered_display": "88", "missing_lines": 3, "excluded_lines": 0, "percent_statements_covered": 88.46153846153847, "percent_statements_covered_display": "88"}, "missing_lines": [189, 190, 191], "excluded_lines": [], "start_line": 161}, "BLEConnection._connect_with_retry": {"executed_lines": [219, 221, 222, 223, 226, 230, 231, 235, 237, 243, 248, 249, 250, 251, 252, 253, 254, 255, 256, 263, 265, 266], "summary": {"covered_lines": 22, "num_statements": 23, "percent_covered": 95.65217391304348, "percent_covered_display": "96", "missing_lines": 1, "excluded_lines": 0, "percent_statements_covered": 95.65217391304348, "percent_statements_covered_display": "96"}, "missing_lines": [224], "excluded_lines": [], "start_line": 213}, "BLEConnection._read_firmware_version": {"executed_lines": [270, 272, 273, 274, 276, 277], "summary": {"covered_lines": 6, "num_statements": 8, "percent_covered": 75.0, "percent_covered_display": "75", "missing_lines": 2, "excluded_lines": 0, "percent_statements_covered": 75.0, "percent_statements_covered_display": "75"}, "missing_lines": [271, 275], "excluded_lines": [], "start_line": 268}, "BLEConnection._clear_bluez_device": {"executed_lines": [], "summary": {"covered_lines": 0, "num_statements": 5, "percent_covered": 0.0, "percent_covered_display": "0", "missing_lines": 5, "excluded_lines": 0, "percent_statements_covered": 0.0, "percent_statements_covered_display": "0"}, "missing_lines": [281, 282, 289, 290, 291], "excluded_lines": [], "start_line": 279}, "BLEConnection.disconnect": {"executed_lines": [295, 296, 298, 299, 300, 301], "summary": {"covered_lines": 6, "num_statements": 6, "percent_covered": 100.0, "percent_covered_display": "100", "missing_lines": 0, "excluded_lines": 0, "percent_statements_covered": 100.0, "percent_statements_covered_display": "100"}, "missing_lines": [], "excluded_lines": [], "start_line": 293}, "BLEConnection._cleanup": {"executed_lines": [305, 308, 309, 310, 311, 313, 314, 315, 318, 320], "summary": {"covered_lines": 10, "num_statements": 12, "percent_covered": 83.33333333333333, "percent_covered_display": "83", "missing_lines": 2, "excluded_lines": 0, "percent_statements_covered": 83.33333333333333, "percent_statements_covered_display": "83"}, "missing_lines": [316, 317], "excluded_lines": [], "start_line": 303}, "BLEConnection.write_command": {"executed_lines": [332, 333, 334, 336, 337, 338, 339, 340, 341, 342, 345], "summary": {"covered_lines": 11, "num_statements": 11, "percent_covered": 100.0, "percent_covered_display": "100", "missing_lines": 0, "excluded_lines": 0, "percent_statements_covered": 100.0, "percent_statements_covered_display": "100"}, "missing_lines": [], "excluded_lines": [], "start_line": 322}, "BLEConnection._handle_disconnect": {"executed_lines": [349, 352, 353, 355, 356, 357, 358, 359], "summary": {"covered_lines": 8, "num_statements": 9, "percent_covered": 88.88888888888889, "percent_covered_display": "89", "missing_lines": 1, "excluded_lines": 0, "percent_statements_covered": 88.88888888888889, "percent_statements_covered_display": "89"}, "missing_lines": [350], "excluded_lines": [], "start_line": 347}, "BLEConnection._start_keep_alive": {"executed_lines": [365, 366], "summary": {"covered_lines": 2, "num_statements": 2, "percent_covered": 100.0, "percent_covered_display": "100", "missing_lines": 0, "excluded_lines": 0, "percent_statements_covered": 100.0, "percent_statements_covered_display": "100"}, "missing_lines": [], "excluded_lines": [], "start_line": 363}, "BLEConnection._stop_keep_alive": {"executed_lines": [370, 371, 372], "summary": {"covered_lines": 3, "num_statements": 3, "percent_covered": 100.0, "percent_covered_display": "100", "missing_lines": 0, "excluded_lines": 0, "percent_statements_covered": 100.0, "percent_statements_covered_display": "100"}, "missing_lines": [], "excluded_lines": [], "start_line": 368}, "BLEConnection._restart_keep_alive": {"executed_lines": [376, 377], "summary": {"covered_lines": 2, "num_statements": 2, "percent_covered": 100.0, "percent_covered_display": "100", "missing_lines": 0, "excluded_lines": 0, "percent_statements_covered": 100.0, "percent_statements_covered_display": "100"}, "missing_lines": [], "excluded_lines": [], "start_line": 374}, "BLEConnection._keep_alive_loop": {"executed_lines": [381, 382, 383, 387, 388], "summary": {"covered_lines": 5, "num_statements": 8, "percent_covered": 62.5, "percent_covered_display": "62", "missing_lines": 3, "excluded_lines": 0, "percent_statements_covered": 62.5, "percent_statements_covered_display": "62"}, "missing_lines": [384, 385, 386], "excluded_lines": [], "start_line": 379}, "BLEConnection._send_keep_alive": {"executed_lines": [392, 399, 400, 401, 410, 411, 412, 413, 414], "summary": {"covered_lines": 9, "num_statements": 10, "percent_covered": 90.0, "percent_covered_display": "90", "missing_lines": 1, "excluded_lines": 0, "percent_statements_covered": 90.0, "percent_statements_covered_display": "90"}, "missing_lines": [397], "excluded_lines": [], "start_line": 390}, "BLEConnection.calculate_backoff": {"executed_lines": [428, 429, 430], "summary": {"covered_lines": 3, "num_statements": 3, "percent_covered": 100.0, "percent_covered_display": "100", "missing_lines": 0, "excluded_lines": 0, "percent_statements_covered": 100.0, "percent_statements_covered_display": "100"}, "missing_lines": [], "excluded_lines": [], "start_line": 419}, "": {"executed_lines": [10, 12, 13, 14, 15, 16, 17, 19, 20, 22, 28, 29, 30, 31, 33, 36, 39, 42, 43, 44, 45, 48, 51, 54, 57, 72, 73, 74, 75, 76, 79, 86, 111, 112, 116, 117, 121, 122, 128, 129, 133, 134, 138, 149, 153, 157, 161, 213, 268, 279, 293, 303, 322, 347, 363, 368, 374, 379, 390, 418, 419], "summary": {"covered_lines": 61, "num_statements": 61, "percent_covered": 100.0, "percent_covered_display": "100", "missing_lines": 0, "excluded_lines": 0, "percent_statements_covered": 100.0, "percent_statements_covered_display": "100"}, "missing_lines": [], "excluded_lines": [], "start_line": 1}}, "classes": {"ConnectionState": {"executed_lines": [], "summary": {"covered_lines": 0, "num_statements": 0, "percent_covered": 100.0, "percent_covered_display": "100", "missing_lines": 0, "excluded_lines": 0, "percent_statements_covered": 100.0, "percent_statements_covered_display": "100"}, "missing_lines": [], "excluded_lines": [], "start_line": 57}, "BLEConnection": {"executed_lines": [95, 96, 97, 98, 99, 100, 101, 102, 103, 104, 105, 106, 107, 108, 109, 114, 119, 124, 125, 126, 131, 144, 145, 146, 147, 151, 155, 175, 176, 177, 179, 180, 182, 183, 184, 185, 186, 188, 193, 195, 196, 201, 202, 203, 204, 205, 207, 209, 210, 211, 219, 221, 222, 223, 226, 230, 231, 235, 237, 243, 248, 249, 250, 251, 252, 253, 254, 255, 256, 263, 265, 266, 270, 272, 273, 274, 276, 277, 295, 296, 298, 299, 300, 301, 305, 308, 309, 310, 311, 313, 314, 315, 318, 320, 332, 333, 334, 336, 337, 338, 339, 340, 341, 342, 345, 349, 352, 353, 355, 356, 357, 358, 359, 365, 366, 370, 371, 372, 376, 377, 381, 382, 383, 387, 388, 392, 399, 400, 401, 410, 411, 412, 413, 414, 428, 429, 430], "summary": {"covered_lines": 137, "num_statements": 157, "percent_covered": 87.26114649681529, "percent_covered_display": "87", "missing_lines": 20, "excluded_lines": 0, "percent_statements_covered": 87.26114649681529, "percent_statements_covered_display": "87"}, "missing_lines": [136, 159, 189, 190, 191, 224, 271, 275, 281, 282, 289, 290, 291, 316, 317, 350, 384, 385, 386, 397], "excluded_lines": [], "start_line": 79}, "": {"executed_lines": [10, 12, 13, 14, 15, 16, 17, 19, 20, 22, 28, 29, 30, 31, 33, 36, 39, 42, 43, 44, 45, 48, 51, 54, 57, 72, 73, 74, 75, 76, 79, 86, 111, 112, 116, 117, 121, 122, 128, 129, 133, 134, 138, 149, 153, 157, 161, 213, 268, 279, 293, 303, 322, 347, 363, 368, 374, 379, 390, 418, 419], "summary": {"covered_lines": 61, "num_statements": 61, "percent_covered": 100.0, "percent_covered_display": "100", "missing_lines": 0, "excluded_lines": 0, "percent_statements_covered": 100.0, "percent_statements_covered_display": "100"}, "missing_lines": [], "excluded_lines": [], "start_line": 1}}}, "lib/tuya_ble_mesh/const.py": {"executed_lines": [
[...]
summary": {"covered_lines": 14, "num_statements": 14, "percent_covered": 100.0, "percent_covered_display": "100", "missing_lines": 0, "excluded_lines": 0, "percent_statements_covered": 100.0, "percent_statements_covered_display": "100"}, "missing_lines": [], "excluded_lines": [], "start_line": 316}, "parse_segment_header": {"executed_lines": [394, 395, 396, 398, 399, 400, 401, 403, 404, 407, 408, 409, 410, 411, 413], "summary": {"covered_lines": 15, "num_statements": 15, "percent_covered": 100.0, "percent_covered_display": "100", "missing_lines": 0, "excluded_lines": 0, "percent_statements_covered": 100.0, "percent_statements_covered_display": "100"}, "missing_lines": [], "excluded_lines": [], "start_line": 379}, "reassemble_and_decrypt_segments": {"executed_lines": [454, 455, 456, 457, 458, 460, 461, 462, 463, 465, 466, 468, 469, 470, 471, 472], "summary": {"covered_lines": 16, "num_statements": 16, "percent_covered": 100.0, "percent_covered_display": "100", "missing_lines": 0, "excluded_lines": 0, "percent_statements_covered": 100.0, "percent_statements_covered_display": "100"}, "missing_lines": [], "excluded_lines": [], "start_line": 424}, "decrypt_access_payload": {"executed_lines": [508, 509, 511, 512, 513, 514, 516, 517, 519, 520, 521, 525, 526, 527, 532], "summary": {"covered_lines": 15, "num_statements": 20, "percent_covered": 75.0, "percent_covered_display": "75", "missing_lines": 5, "excluded_lines": 0, "percent_statements_covered": 75.0, "percent_statements_covered_display": "75"}, "missing_lines": [522, 523, 528, 529, 530], "excluded_lines": [], "start_line": 486}, "make_proxy_pdu": {"executed_lines": [551], "summary": {"covered_lines": 1, "num_statements": 1, "percent_covered": 100.0, "percent_covered_display": "100", "missing_lines": 0, "excluded_lines": 0, "percent_statements_covered": 100.0, "percent_statements_covered_display": "100"}, "missing_lines": [], "excluded_lines": [], "start_line": 542}, "parse_proxy_pdu": {"executed_lines": [575, 576, 577, 578], "summary": {"covered_lines": 4, "num_statements": 4, "percent_covered": 100.0, "percent_covered_display": "100", "missing_lines": 0, "excluded_lines": 0, "percent_statements_covered": 100.0, "percent_statements_covered_display": "100"}, "missing_lines": [], "excluded_lines": [], "start_line": 563}, "config_composition_get": {"executed_lines": [599, 600, 601, 602], "summary": {"covered_lines": 4, "num_statements": 4, "percent_covered": 100.0, "percent_covered_display": "100", "missing_lines": 0, "excluded_lines": 0, "percent_statements_covered": 100.0, "percent_statements_covered_display": "100"}, "missing_lines": [], "excluded_lines": [], "start_line": 590}, "config_appkey_add": {"executed_lines": [622, 625, 628, 629, 630, 632, 633], "summary": {"covered_lines": 7, "num_statements": 11, "percent_covered": 63.63636363636363, "percent_covered_display": "64", "missing_lines": 4, "excluded_lines": 0, "percent_statements_covered": 63.63636363636363, "percent_statements_covered_display": "64"}, "missing_lines": [623, 624, 626, 627], "excluded_lines": [], "start_line": 605}, "config_model_app_bind": {"executed_lines": [658, 661, 664, 667], "summary": {"covered_lines": 4, "num_statements": 10, "percent_covered": 40.0, "percent_covered_display": "40", "missing_lines": 6, "excluded_lines": 0, "percent_statements_covered": 40.0, "percent_statements_covered_display": "40"}, "missing_lines": [659, 660, 662, 663, 665, 666], "excluded_lines": [], "start_line": 636}, "generic_onoff_set": {"executed_lines": [685], "summary": {"covered_lines": 1, "num_statements": 1, "percent_covered": 100.0, "percent_covered_display": "100", "missing_lines": 0, "excluded_lines": 0, "percent_statements_covered": 100.0, "percent_statements_covered_display": "100"}, "missing_lines": [], "excluded_lines": [], "start_line": 675}, "generic_onoff_get": {"executed_lines": [694], "summary": {"covered_lines": 1, "num_statements": 1, "percent_covered": 100.0, "percent_covered_display": "100", "missing_lines": 0, "excluded_lines": 0, "percent_statements_covered": 100.0, "percent_statements_covered_display": "100"}, "missing_lines": [], "excluded_lines": [], "start_line": 688}, "parse_access_opcode": {"executed_lines": [719, 720, 721, 723, 725, 726, 728, 729, 730, 731, 734, 735, 736, 737], "summary": {"covered_lines": 14, "num_statements": 14, "percent_covered": 100.0, "percent_covered_display": "100", "missing_lines": 0, "excluded_lines": 0, "percent_statements_covered": 100.0, "percent_statements_covered_display": "100"}, "missing_lines": [], "excluded_lines": [], "start_line": 702}, "parse_tuya_vendor_dps": {"executed_lines": [775, 776, 777, 778, 779, 780, 781, 782, 783, 784, 785, 786, 792, 793, 794, 795, 796], "summary": {"covered_lines": 17, "num_statements": 17, "percent_covered": 100.0, "percent_covered_display": "100", "missing_lines": 0, "excluded_lines": 0, "percent_statements_covered": 100.0, "percent_statements_covered_display": "100"}, "missing_lines": [], "excluded_lines": [], "start_line": 764}, "parse_composition_data": {"executed_lines": [831, 832, 833, 835, 836, 837, 838, 839, 840, 842], "summary": {"covered_lines": 10, "num_statements": 10, "percent_covered": 100.0, "percent_covered_display": "100", "missing_lines": 0, "excluded_lines": 0, "percent_statements_covered": 100.0, "percent_statements_covered_display": "100"}, "missing_lines": [], "excluded_lines": [], "start_line": 818}, "format_status_response": {"executed_lines": [878, 879, 880, 881, 883, 884, 885, 892, 893, 895, 896, 897, 899, 900, 901, 902, 903, 904, 905, 907], "summary": {"covered_lines": 20, "num_statements": 20, "percent_covered": 100.0, "percent_covered_display": "100", "missing_lines": 0, "excluded_lines": 0, "percent_statements_covered": 100.0, "percent_statements_covered_display": "100"}, "missing_lines": [], "excluded_lines": [], "start_line": 868}, "": {"executed_lines": [20, 22, 23, 24, 26, 27, 36, 39, 40, 43, 44, 52, 53, 64, 65, 66, 67, 68, 69, 70, 71, 72, 74, 106, 125, 174, 175, 178, 179, 180, 181, 182, 183, 186, 250, 272, 316, 366, 367, 370, 371, 372, 373, 374, 375, 376, 379, 424, 475, 476, 479, 480, 481, 482, 483, 486, 542, 554, 555, 558, 559, 560, 563, 590, 605, 636, 675, 688, 702, 745, 748, 749, 750, 751, 752, 755, 756, 759, 760, 761, 764, 803, 806, 807, 810, 811, 812, 813, 814, 815, 818, 857, 868], "summary": {"covered_lines": 93, "num_statements": 93, "percent_covered": 100.0, "percent_covered_display": "100", "missing_lines": 0, "excluded_lines": 0, "percent_statements_covered": 100.0, "percent_statements_covered_display": "100"}, "missing_lines": [], "excluded_lines": [], "start_line": 1}}, "classes": {"MeshKeys": {"executed_lines": [81, 82, 83, 84, 87, 88, 91, 93], "summary": {"covered_lines": 8, "num_statements": 8, "percent_covered": 100.0, "percent_covered_display": "100", "missing_lines": 0, "excluded_lines": 0, "percent_statements_covered": 100.0, "percent_statements_covered_display": "100"}, "missing_lines": [], "excluded_lines": [], "start_line": 53}, "NetworkPDU": {"executed_lines": [], "summary": {"covered_lines": 0, "num_statements": 0, "percent_covered": 100.0, "percent_covered_display": "100", "missing_lines": 0, "excluded_lines": 0, "percent_statements_covered": 100.0, "percent_statements_covered_display": "100"}, "missing_lines": [], "excluded_lines": [], "start_line": 175}, "SegmentHeader": {"executed_lines": [], "summary": {"covered_lines": 0, "num_statements": 0, "percent_covered": 100.0, "percent_covered_display": "100", "missing_lines": 0, "excluded_lines": 0, "percent_statements_covered": 100.0, "percent_statements_covered_display": "100"}, "missing_lines": [], "excluded_lines": [], "start_line": 367}, "AccessMessage": {"executed_lines": [], "summary": {"covered_lines": 0, "num_statements": 0, "percent_covered": 100.0, "percent_covered_display": "100", "missing_lines": 0, "excluded_lines": 0, "percent_statements_covered": 100.0, "percent_statements_covered_display": "100"}, "missing_lines": [], "excluded_lines": [], "start_line": 476}, "ProxyPDU": {"executed_lines": [], "summary": {"covered_lines": 0, "num_statements": 0, "percent_covered": 100.0, "percent_covered_display": "100", "missing_lines": 0, "excluded_lines": 0, "percent_statements_covered": 100.0, "percent_statements_covered_display": "100"}, "missing_lines": [], "excluded_lines": [], "start_line": 555}, "TuyaVendorDP": {"executed_lines": [], "summary": {"covered_lines": 0, "num_statements": 0, "percent_covered": 100.0, "percent_covered_display": "100", "missing_lines": 0, "excluded_lines": 0, "percent_statements_covered": 100.0, "percent_statements_covered_display": "100"}, "missing_lines": [], "excluded_lines": [], "start_line": 756}, "CompositionData": {"executed_lines": [], "summary": {"covered_lines": 0, "num_statements": 0, "percent_covered": 100.0, "percent_covered_display": "100", "missing_lines": 0, "excluded_lines": 0, "percent_statements_covered": 100.0, "percent_statements_covered_display": "100"}, "missing_lines": [], "excluded_lines": [], "start_line": 807}, "": {"executed_lines": [20, 22, 23, 24, 26, 27, 36, 39, 40, 43, 44, 52, 53, 64, 65, 66, 67, 68, 69, 70, 71, 72, 74, 106, 116, 125, 156, 157, 158, 159, 160, 162, 163, 166, 167, 168, 169, 171, 174, 175, 178, 179, 180, 181, 182, 183, 186, 205, 206, 208, 209, 211, 214, 215, 216, 217, 219, 220, 221, 222, 223, 225, 226, 228, 229, 230, 231, 232, 234, 235, 250, 262, 263, 272, 303, 304, 308, 310, 311, 312, 313, 316, 346, 347, 348, 350, 351, 352, 354, 355, 356, 357, 359, 360, 361, 363, 366, 367, 370, 371, 372, 373, 374, 375, 376, 379, 394, 395, 396, 398, 399, 400, 401, 403, 404, 407, 408, 409, 410, 411, 413, 424, 454, 455, 456, 457, 458, 460, 461, 462, 463, 465, 466, 468, 469, 470, 471, 472, 475, 476, 479, 480, 481, 482, 483, 486, 508, 509, 511, 512, 513, 514, 516, 517, 519, 520, 521, 525, 526, 527, 532, 542, 551, 554, 555, 558, 559, 560, 563, 575, 576, 577, 578, 590, 599, 600, 601, 602, 605, 622, 625, 628, 629, 630, 632, 633, 636, 658, 661, 664, 667, 675, 685, 688, 694, 702, 719, 720, 721, 723, 725, 726, 728, 729, 730, 731, 734, 735, 736, 737, 745, 748, 749, 750, 751, 752, 755, 756, 759, 760, 761, 764, 775, 776, 777, 778, 779, 780, 781, 782, 783, 784, 785, 786, 792, 793, 794, 795, 796, 803, 806, 807, 810, 811, 812, 813, 814, 815, 818, 831, 832, 833, 835, 836, 837, 838, 839, 840, 842, 857, 868, 878, 879, 880, 881, 883, 884, 885, 892, 893, 895, 896, 897, 899, 900, 901, 902, 903, 904, 905, 907], "summary": {"covered_lines": 281, "num_statements": 296, "percent_covered": 94.93243243243244, "percent_covered_display": "95", "missing_lines": 15, "excluded_lines": 0, "percent_statements_covered": 94.93243243243244, "percent_statements_covered_display": "95"}, "missing_lines": [522, 523, 528, 529, 530, 623, 624, 626, 627, 659, 660, 662, 663, 665, 666], "excluded_lines": [], "start_line": 1}}}, "lib/tuya_ble_mesh/sig_mesh_provisioner.py": {"executed_lines": [26, 28, 29, 30, 31, 32, 33, 34, 35, 37, 38, 45, 46, 47, 49, 52, 53, 54, 57, 58, 59, 60, 61, 62, 63, 64, 65, 68, 69, 70, 71, 72, 75, 78, 81, 94, 95, 105, 106, 107, 108, 109, 110, 113, 127, 128, 130, 131, 133, 134, 135, 136, 137, 138, 139, 140, 141, 142, 143, 145, 146, 147, 148, 151, 166, 198, 199, 200, 201, 202, 203, 205, 206, 207, 208, 209, 210, 211, 212, 215, 216, 217, 218, 222, 245, 246, 247, 248, 250, 251, 252, 253, 254, 260, 279, 280, 281, 282, 284, 285, 286, 295, 296, 298, 299, 304, 305, 306, 313, 314, 315, 317, 320, 322, 327, 328, 334, 340, 341, 345, 351, 357, 359, 360, 361, 371, 372, 373, 374, 381, 384, 385, 391, 393, 413, 414, 415, 417, 419, 422, 423, 424, 425, 426, 437, 438, 439, 440, 441, 444, 446, 447, 448, 449, 458, 460, 464, 465, 466, 467, 472, 474, 475, 479, 481, 484, 485, 486, 489, 490], "summary": {"covered_lines": 170, "num_statements": 264, "percent_covered": 64.39393939393939, "percent_covered_display": "64", "missing_lines": 94, "excluded_lines": 0, "percent_statements_covered": 64.39393939393939, "percent_statements_covered_display": "64"}, "missing_lines": [335, 336, 337, 346, 347, 348, 349, 362, 363, 364, 370, 420, 427, 428, 429, 430, 431, 432, 433, 434, 435, 442, 450, 451, 456, 461, 462, 491, 492, 493, 496, 497, 506, 507, 510, 511, 513, 514, 515, 516, 517, 521, 524, 525, 526, 527, 528, 529, 530, 534, 535, 536, 537, 539, 542, 545, 552, 553, 555, 556, 557, 559, 560, 561, 562, 565, 566, 568, 569, 570, 573, 574, 575, 580, 581, 584, 585, 586, 587, 590, 593, 601, 602, 605, 606, 607, 608, 609, 614, 615, 616, 620, 622, 628], "excluded_lines": [], "functions": {"_wrap_provisioning_pdu": {"executed_lines": [127, 128, 130, 131, 133, 134, 135, 136, 137, 138, 139, 140, 141, 142, 143, 145, 146, 147, 148], "summary": {"covered_lines": 19, "num_statements": 19, "percent_covered": 100.0, "percent_covered_display": "100", "missing_lines": 0, "excluded_lines": 0, "percent_statements_covered": 100.0, "percent_statements_covered_display": "100"}, "missing_lines": [], "excluded_lines": [], "start_line": 113}, "SIGMeshProvisioner.__init__": {"executed_lines": [198, 199, 200, 201, 202, 203, 205, 206, 207, 208, 209, 210, 211, 212, 215, 216, 217, 218], "summary": {"covered_lines": 18, "num_statements": 18, "percent_covered": 100.0, "percent_covered_display": "100", "missing_lines": 0, "excluded_lines": 0, "percent_statements_covered": 100.0, "percent_statements_covered_display": "100"}, "missing_lines": [], "excluded_lines": [], "start_line": 166}, "SIGMeshProvisioner.provision": {"executed_lines": [245, 246, 247, 248, 250, 251, 252, 253, 254], "summary": {"covered_lines": 9, "num_statements": 9, "percent_covered": 100.0, "percent_covered_display": "100", "missing_lines": 0, "excluded_lines": 0, "percent_statements_covered": 100.0, "percent_statements_covered_display": "100"}, "missing_lines": [], "excluded_lines": [], "start_line": 222}, "SIGMeshProvisioner._connect": {"executed_lines": [279, 280, 281, 282, 284, 285, 286, 295, 296, 298, 299, 304, 305, 306, 313, 314, 315, 317, 320, 322, 327, 328, 334, 340, 341, 345, 351, 357, 359, 360, 361, 371, 372, 373, 374, 381, 384, 385, 391], "summary": {"covered_lines": 39, "num_statements": 50, "percent_covered": 78.0, "percent_covered_display": "78", "missing_lines": 11, "excluded_lines": 0, "percent_statements_covered": 78.0, "percent_statements_covered_display": "78"}, "missing_lines": [335, 336, 337, 346, 347, 348, 349, 362, 363, 364, 370], "excluded_lines": [], "start_line": 260}, "SIGMeshProvisioner._run_exchange": {"executed_lines": [413, 414, 415, 417, 437, 444, 458, 481, 484, 485, 486, 489, 490], "summary": {"covered_lines": 13, "num_statements": 80, "percent_covered": 16.25, "percent_covered_display": "16", "missing_lines": 67, "excluded_lines": 0, "percent_statements_covered": 16.25, "percent_statements_covered_display": "16"}, "missing_lines": [491, 492, 493, 496, 497, 506, 507, 510, 511, 513, 514, 515, 516, 517, 521, 524, 525, 526, 527, 528, 529, 530, 534, 535, 536, 537, 539, 542, 545, 552, 553, 555, 556, 557, 559, 560, 561, 562, 565, 566, 568, 569, 570, 573, 574, 575, 580, 581, 584, 585, 586, 587, 590, 593, 601, 602, 605, 606, 607, 608, 609, 614, 615, 616, 620, 622, 628], "excluded_lines": [], "start_line": 393}, "SIGMeshProvisioner._run_exchange._on_notify": {"executed_lines": [419, 422, 423, 424, 425, 426], "summary": {"covered_lines": 6, "num_statements": 16, "percent_covered": 37.5, "percent_covered_display": "38", "missing_lines": 10, "excluded_lines": 0, "percent_statements_covered": 37.5, "percent_statements_covered_display": "38"}, "missing_lines": [420, 427, 428, 429, 430, 431, 432, 433, 434, 435], "excluded_lines": [], "start_line": 417}, "SIGMeshProvisioner._run_exchange.send_prov": {"executed_lines": [438, 439, 440, 441], "summary": {"covered_lines": 4, "num_statements": 5, "percent_covered": 80.0, "percent_covered_display": "80", "missing_lines": 1, "excluded_lines": 0, "percent_statements_covered": 80.0, "percent_statements_covered_display": "80"}, "missing_lines": [442], "excluded_lines": [], "start_line": 437}, "SIGMeshProvisioner._run_exchange.recv_prov": {"executed_lines": [446, 447, 448, 449], "summary": {"covered_lines": 4, "num_statements": 7, "percent_covered": 57.142857142857146, "percent_covered_display": "57", "missing_lines": 3, "excluded_lines": 0, "percent_statements_covered": 57.142857142857146, "percent_statements_covered_display": "57"}, "missing_lines": [450, 451, 456], "excluded_lines": [], "start_line": 444}, "SIGMeshProvisioner._run_exchange.check_pdu": {"executed_lines": [460, 464, 465, 466, 467, 472, 474, 475, 479], "summary": {"covered_lines": 9, "num_statements": 11, "percent_covered": 81.81818181818181, "percent_covered_display": "82", "missing_lines": 2, "excluded_lines": 0, "percent_statements_covered": 81.81818181818181, "percent_statements_covered_display": "82"}, "missing_lines": [461, 462], "excluded_lines": [], "start_line": 458}, "": {"executed_lines": [26, 28, 29, 30, 31, 32, 33, 34, 35, 37, 38, 45, 46, 47, 49, 52, 53, 54, 57, 58, 59, 60, 61, 62, 63, 64, 65, 68, 69, 70, 71, 72, 75, 78, 81, 94, 95, 105, 106, 107, 108, 109, 110, 113, 151, 166, 222, 260, 393], "summary": {"covered_lines": 49, "num_statements": 49, "percent_covered": 100.0, "percent_covered_display": "100", "missing_lines": 0, "excluded_lines": 0, "percent_statements_covered": 100.0, "percent_statements_covered_display": "100"}, "missing_lines": [], "excluded_lines": [], "start_line": 1}}, "classes": {"ProvisioningResult": {"executed_lines": [], "summary": {"covered_lines": 0, "num_statements": 0, "percent_covered": 100.0, "percent_covered_display": "100", "missing_lines": 0, "excluded_lines": 0, "percent_statements_covered": 100.0, "percent_statements_covered_display": "100"}, "missing_lines": [], "excluded_lines": [], "start_line": 95}, "SIGMeshProvisioner": {"executed_lines": [198, 199, 200, 201, 202, 203, 205, 206, 207, 208, 209, 210, 211, 212, 215, 216, 217, 218, 245, 246, 247, 248, 250, 251, 252, 253, 254, 279, 280, 281, 282, 284, 285, 286, 295, 296, 298, 299, 304, 305, 306, 313, 314, 315, 317, 320, 322, 327, 328, 334, 340, 341, 345, 351, 357, 359, 360, 361, 371, 372, 373, 374, 381, 384, 385, 391, 413, 414, 415, 417, 419, 422, 423, 424, 425, 426, 437, 438, 439, 440, 441, 444, 446, 447, 448, 449, 458, 460, 464, 465, 466, 467, 472, 474, 475, 479, 481, 484, 485, 486, 489, 490], "summary": {"covered_lines": 102, "num_statements": 196, "percent_covered": 52.04081632653061, "percent_covered_display": "52", "missing_lines": 94, "excluded_lines": 0, "percent_statements_covered": 52.04081632653061, "percent_statements_covered_display": "52"}, "missing_lines": [335, 336, 337, 346, 347, 348, 349, 362, 363, 364, 370, 420, 427, 428, 429, 430, 431, 432, 433, 434, 435, 442, 450, 451, 456, 461, 462, 491, 492, 493, 496, 497, 506, 507, 510, 511, 513, 514, 515, 516, 517, 521, 524, 525, 526, 527, 528, 529, 530, 534, 535, 536, 537, 539, 542, 545, 552, 553, 555, 556, 557, 559, 560, 561, 562, 565, 566, 568, 569, 570, 573, 574, 575, 580, 581, 584, 585, 586, 587, 590, 593, 601, 602, 605, 606, 607, 608, 609, 614, 615, 616, 620, 622, 628], "excluded_lines": [], "start_line": 151}, "": {"executed_lines": [26, 28, 29, 30, 31, 32, 33, 34, 35, 37, 38, 45, 46, 47, 49, 52, 53, 54, 57, 58, 59, 60, 61, 62, 63, 64, 65, 68, 69, 70, 71, 72, 75, 78, 81, 94, 95, 105, 106, 107, 108, 109, 110, 113, 127, 128, 130, 131, 133, 134, 135, 136, 137, 138, 139, 140, 141, 142, 143, 145, 146, 147, 148, 151, 166, 222, 260, 393], "summary": {"covered_lines": 68, "num_statements": 68, "percent_covered": 100.0, "percent_covered_display": "100", "missing_lines": 0, "excluded_lines": 0, "percent_statements_covered": 100.0, "percent_statements_covered_display": "100"}, "missing_lines": [], "excluded_lines": [], "start_line": 1}}}}, "totals": {"covered_lines": 3430, "num_statements": 3736, "percent_covered": 91.80942184154176, "percent_covered_display": "92", "missing_lines": 306, "excluded_lines": 39, "percent_statements_covered": 91.80942184154176, "percent_statements_covered_display": "92"}}